<?xml version="1.0" encoding="utf-8"?>
<CoverageSession xmlns:xsd="http://www.w3.org/2001/XMLSchema" xmlns:xsi="http://www.w3.org/2001/XMLSchema-instance">
  <Summary numSequencePoints="548" visitedSequencePoints="138" numBranchPoints="341" visitedBranchPoints="65" sequenceCoverage="25.18" branchCoverage="19.06" maxCyclomaticComplexity="13" minCyclomaticComplexity="1" visitedClasses="9" numClasses="31" visitedMethods="32" numMethods="255" />
  <Modules>
    <Module hash="B0-05-E1-1B-D1-71-A4-F8-32-D6-35-15-B1-EF-42-06-77-EB-C5-19">
      <Summary numSequencePoints="548" visitedSequencePoints="138" numBranchPoints="341" visitedBranchPoints="65" sequenceCoverage="25.18" branchCoverage="19.06" maxCyclomaticComplexity="13" minCyclomaticComplexity="1" visitedClasses="9" numClasses="31" visitedMethods="32" numMethods="255" />
      <ModulePath>D:\Development\Projects\MtgApiManager\mtgapimanager.lib.test\bin\debug\MtgApiManager.Lib.dll</ModulePath>
      <ModuleTime>2016-09-27T03:55:55.3375051Z</ModuleTime>
      <ModuleName>MtgApiManager.Lib</ModuleName>
      <Files>
        <File uid="1" fullPath="D:\Development\Projects\MtgApiManager\MtgApiManager.Lib\Utility\Extensions.cs" />
        <File uid="2" fullPath="D:\Development\Projects\MtgApiManager\MtgApiManager.Lib\Utility\QueryUtility.cs" />
        <File uid="4" fullPath="D:\Development\Projects\MtgApiManager\MtgApiManager.Lib\Service\CardService.cs" />
        <File uid="8" fullPath="D:\Development\Projects\MtgApiManager\MtgApiManager.Lib\Service\ServiceBase.cs" />
        <File uid="10" fullPath="D:\Development\Projects\MtgApiManager\MtgApiManager.Lib\Model\Card\Card.cs" />
        <File uid="12" fullPath="D:\Development\Projects\MtgApiManager\MtgApiManager.Lib\Model\Card\ForeignName.cs" />
        <File uid="13" fullPath="D:\Development\Projects\MtgApiManager\MtgApiManager.Lib\Model\Card\Legality.cs" />
        <File uid="14" fullPath="D:\Development\Projects\MtgApiManager\MtgApiManager.Lib\Model\Card\Ruling.cs" />
        <File uid="15" fullPath="D:\Development\Projects\MtgApiManager\MtgApiManager.Lib\Dto\Cards\CardDto.cs" />
        <File uid="16" fullPath="D:\Development\Projects\MtgApiManager\MtgApiManager.Lib\Dto\Cards\RootCardDto.cs" />
        <File uid="17" fullPath="D:\Development\Projects\MtgApiManager\MtgApiManager.Lib\Dto\Cards\RootCardListDto.cs" />
        <File uid="18" fullPath="D:\Development\Projects\MtgApiManager\MtgApiManager.Lib\Dto\Cards\ForeignNameDto.cs" />
        <File uid="19" fullPath="D:\Development\Projects\MtgApiManager\MtgApiManager.Lib\Dto\Cards\LegalityDto.cs" />
        <File uid="20" fullPath="D:\Development\Projects\MtgApiManager\MtgApiManager.Lib\Dto\Cards\RulingDto.cs" />
        <File uid="21" fullPath="D:\Development\Projects\MtgApiManager\MtgApiManager.Lib\Core\Exceptional.cs" />
        <File uid="22" fullPath="D:\Development\Projects\MtgApiManager\MtgApiManager.Lib\Core\MtgApiException.cs" />
        <File uid="23" fullPath="D:\Development\Projects\MtgApiManager\MtgApiManager.Lib\Core\MtgApiController.cs" />
        <File uid="24" fullPath="D:\Development\Projects\MtgApiManager\MtgApiManager.Lib\Core\MtgApiServiceAdapter.cs" />
        <File uid="25" fullPath="D:\Development\Projects\MtgApiManager\MtgApiManager.Lib\Core\Option.cs" />
        <File uid="26" fullPath="D:\Development\Projects\MtgApiManager\MtgApiManager.Lib\Core\Exceptions\BadRequestException.cs" />
        <File uid="27" fullPath="D:\Development\Projects\MtgApiManager\MtgApiManager.Lib\Core\Exceptions\ForbiddenException.cs" />
        <File uid="28" fullPath="D:\Development\Projects\MtgApiManager\MtgApiManager.Lib\Core\Exceptions\InternalServerErrorException.cs" />
        <File uid="29" fullPath="D:\Development\Projects\MtgApiManager\MtgApiManager.Lib\Core\Exceptions\MtgExceptionBase.cs" />
        <File uid="30" fullPath="D:\Development\Projects\MtgApiManager\MtgApiManager.Lib\Core\Exceptions\NotFoundException.cs" />
        <File uid="31" fullPath="D:\Development\Projects\MtgApiManager\MtgApiManager.Lib\Core\Exceptions\ServiceUnavailableException.cs" />
      </Files>
      <Classes>
        <Class>
          <Summary numSequencePoints="10" visitedSequencePoints="8" numBranchPoints="5" visitedBranchPoints="4" sequenceCoverage="80" branchCoverage="80" maxCyclomaticComplexity="3" minCyclomaticComplexity="3" visitedClasses="1" numClasses="1" visitedMethods="1" numMethods="1" />
          <FullName>MtgApiManager.Lib.Utility.Extensions</FullName>
          <Methods>
            <Method visited="true" cyclomaticComplexity="3" nPathComplexity="4" sequenceCoverage="80" branchCoverage="80" isConstructor="false" isStatic="true" isGetter="false" isSetter="false">
              <Summary numSequencePoints="10" visitedSequencePoints="8" numBranchPoints="5" visitedBranchPoints="4" sequenceCoverage="80" branchCoverage="80" maxCyclomaticComplexity="3" minCyclomaticComplexity="3" visitedClasses="0" numClasses="0" visitedMethods="1" numMethods="1" />
              <MetadataToken>100663297</MetadataToken>
              <Name>System.String MtgApiManager.Lib.Utility.Extensions::GetDescription(System.Enum)</Name>
              <FileRef uid="1" />
              <SequencePoints>
                <SequencePoint vc="4" uspid="1" ordinal="0" offset="0" sl="22" sc="9" el="22" ec="10" bec="0" bev="0" fileid="1" />
                <SequencePoint vc="4" uspid="2" ordinal="1" offset="1" sl="23" sc="13" el="23" ec="31" bec="2" bev="2" fileid="1" />
                <SequencePoint vc="1" uspid="3" ordinal="2" offset="9" sl="24" sc="13" el="24" ec="14" bec="0" bev="0" fileid="1" />
                <SequencePoint vc="1" uspid="4" ordinal="3" offset="10" sl="25" sc="17" el="25" ec="58" bec="0" bev="0" fileid="1" />
                <SequencePoint vc="3" uspid="5" ordinal="4" offset="21" sl="28" sc="13" el="31" ec="75" bec="0" bev="0" fileid="1" />
                <SequencePoint vc="3" uspid="6" ordinal="5" offset="55" sl="33" sc="13" el="33" ec="29" bec="2" bev="1" fileid="1" />
                <SequencePoint vc="0" uspid="7" ordinal="6" offset="68" sl="34" sc="13" el="34" ec="14" bec="0" bev="0" fileid="1" />
                <SequencePoint vc="0" uspid="8" ordinal="7" offset="69" sl="35" sc="17" el="35" ec="41" bec="0" bev="0" fileid="1" />
                <SequencePoint vc="3" uspid="9" ordinal="8" offset="78" sl="38" sc="13" el="38" ec="71" bec="0" bev="0" fileid="1" />
                <SequencePoint vc="3" uspid="10" ordinal="9" offset="97" sl="39" sc="9" el="39" ec="10" bec="0" bev="0" fileid="1" />
              </SequencePoints>
              <BranchPoints>
                <BranchPoint vc="1" uspid="11" ordinal="0" offset="7" sl="23" path="0" offsetend="9" fileid="1" />
                <BranchPoint vc="3" uspid="12" ordinal="1" offset="7" sl="23" path="1" offsetend="21" fileid="1" />
                <BranchPoint vc="0" uspid="13" ordinal="2" offset="66" sl="33" path="0" offsetend="68" fileid="1" />
                <BranchPoint vc="3" uspid="14" ordinal="3" offset="66" sl="33" path="1" offsetend="78" fileid="1" />
              </BranchPoints>
              <MethodPoint xsi:type="SequencePoint" vc="4" uspid="1" ordinal="0" offset="0" sl="22" sc="9" el="22" ec="10" bec="0" bev="0" fileid="1" />
            </Method>
          </Methods>
        </Class>
        <Class>
          <Summary numSequencePoints="14" visitedSequencePoints="4" numBranchPoints="7" visitedBranchPoints="2" sequenceCoverage="28.57" branchCoverage="28.57" maxCyclomaticComplexity="5" minCyclomaticComplexity="5" visitedClasses="1" numClasses="1" visitedMethods="1" numMethods="1" />
          <FullName>MtgApiManager.Lib.Utility.QueryUtility</FullName>
          <Methods>
            <Method visited="true" cyclomaticComplexity="5" nPathComplexity="8" sequenceCoverage="28.57" branchCoverage="28.57" isConstructor="false" isStatic="true" isGetter="false" isSetter="false">
              <Summary numSequencePoints="14" visitedSequencePoints="4" numBranchPoints="7" visitedBranchPoints="2" sequenceCoverage="28.57" branchCoverage="28.57" maxCyclomaticComplexity="5" minCyclomaticComplexity="5" visitedClasses="0" numClasses="0" visitedMethods="1" numMethods="1" />
              <MetadataToken>100663298</MetadataToken>
              <Name>System.String MtgApiManager.Lib.Utility.QueryUtility::GetQueryPropertyName(System.String)</Name>
              <FileRef uid="2" />
              <SequencePoints>
                <SequencePoint vc="1" uspid="15" ordinal="0" offset="0" sl="25" sc="9" el="25" ec="10" bec="0" bev="0" fileid="2" />
                <SequencePoint vc="1" uspid="16" ordinal="1" offset="1" sl="26" sc="13" el="26" ec="52" bec="2" bev="1" fileid="2" />
                <SequencePoint vc="1" uspid="17" ordinal="2" offset="11" sl="27" sc="13" el="27" ec="14" bec="0" bev="0" fileid="2" />
                <SequencePoint vc="1" uspid="18" ordinal="3" offset="12" sl="28" sc="17" el="28" ec="65" bec="0" bev="0" fileid="2" />
                <SequencePoint vc="0" uspid="19" ordinal="4" offset="23" sl="31" sc="13" el="31" ec="64" bec="0" bev="0" fileid="2" />
                <SequencePoint vc="0" uspid="20" ordinal="5" offset="40" sl="33" sc="13" el="33" ec="34" bec="2" bev="0" fileid="2" />
                <SequencePoint vc="0" uspid="21" ordinal="6" offset="51" sl="34" sc="13" el="34" ec="14" bec="0" bev="0" fileid="2" />
                <SequencePoint vc="0" uspid="22" ordinal="7" offset="52" sl="35" sc="17" el="35" ec="29" bec="0" bev="0" fileid="2" />
                <SequencePoint vc="0" uspid="23" ordinal="8" offset="57" sl="38" sc="13" el="38" ec="113" bec="0" bev="0" fileid="2" />
                <SequencePoint vc="0" uspid="24" ordinal="9" offset="101" sl="40" sc="13" el="40" ec="35" bec="2" bev="0" fileid="2" />
                <SequencePoint vc="0" uspid="25" ordinal="10" offset="111" sl="41" sc="13" el="41" ec="14" bec="0" bev="0" fileid="2" />
                <SequencePoint vc="0" uspid="26" ordinal="11" offset="112" sl="42" sc="17" el="42" ec="29" bec="0" bev="0" fileid="2" />
                <SequencePoint vc="0" uspid="27" ordinal="12" offset="117" sl="45" sc="13" el="45" ec="70" bec="0" bev="0" fileid="2" />
                <SequencePoint vc="0" uspid="28" ordinal="13" offset="132" sl="46" sc="9" el="46" ec="10" bec="0" bev="0" fileid="2" />
              </SequencePoints>
              <BranchPoints>
                <BranchPoint vc="1" uspid="29" ordinal="0" offset="9" sl="26" path="0" offsetend="11" fileid="2" />
                <BranchPoint vc="0" uspid="30" ordinal="1" offset="9" sl="26" path="1" offsetend="23" fileid="2" />
                <BranchPoint vc="0" uspid="31" ordinal="2" offset="49" sl="33" path="0" offsetend="51" fileid="2" />
                <BranchPoint vc="0" uspid="32" ordinal="3" offset="49" sl="33" path="1" offsetend="57" fileid="2" />
                <BranchPoint vc="0" uspid="35" ordinal="6" offset="109" sl="40" path="0" offsetend="111" fileid="2" />
                <BranchPoint vc="0" uspid="36" ordinal="7" offset="109" sl="40" path="1" offsetend="117" fileid="2" />
              </BranchPoints>
              <MethodPoint xsi:type="SequencePoint" vc="1" uspid="15" ordinal="0" offset="0" sl="25" sc="9" el="25" ec="10" bec="0" bev="0" fileid="2" />
            </Method>
          </Methods>
        </Class>
        <Class>
          <Summary numSequencePoints="1" visitedSequencePoints="0" numBranchPoints="1" visitedBranchPoints="0" sequenceCoverage="0" branchCoverage="0" maxCyclomaticComplexity="1" minCyclomaticComplexity="1" visitedClasses="0" numClasses="1" visitedMethods="0" numMethods="1" />
          <FullName>MtgApiManager.Lib.Utility.QueryUtility/&lt;&gt;c__0`1</FullName>
          <Methods>
            <Method visited="false" cyclomaticComplexity="1" nPathComplexity="0" sequenceCoverage="0" branchCoverage="0" isConstructor="true" isStatic="true" isGetter="false" isSetter="false">
              <Summary numSequencePoints="0" visitedSequencePoints="0" numBranchPoints="0" visitedBranchPoints="0" sequenceCoverage="0" branchCoverage="0" maxCyclomaticComplexity="1" minCyclomaticComplexity="1" visitedClasses="0" numClasses="0" visitedMethods="0" numMethods="0" />
              <MetadataToken>100663568</MetadataToken>
              <Name>System.Void MtgApiManager.Lib.Utility.QueryUtility/&lt;&gt;c__0`1::.cctor()</Name>
              <SequencePoints />
              <BranchPoints />
              <MethodPoint vc="0" uspid="37" ordinal="0" offset="0" />
            </Method>
            <Method visited="false" cyclomaticComplexity="1" nPathComplexity="0" sequenceCoverage="0" branchCoverage="0" isConstructor="true" isStatic="false" isGetter="false" isSetter="false">
              <Summary numSequencePoints="0" visitedSequencePoints="0" numBranchPoints="0" visitedBranchPoints="0" sequenceCoverage="0" branchCoverage="0" maxCyclomaticComplexity="1" minCyclomaticComplexity="1" visitedClasses="0" numClasses="0" visitedMethods="0" numMethods="0" />
              <MetadataToken>100663569</MetadataToken>
              <Name>System.Void MtgApiManager.Lib.Utility.QueryUtility/&lt;&gt;c__0`1::.ctor()</Name>
              <SequencePoints />
              <BranchPoints />
              <MethodPoint vc="0" uspid="38" ordinal="0" offset="0" />
            </Method>
            <Method visited="false" cyclomaticComplexity="1" nPathComplexity="0" sequenceCoverage="0" branchCoverage="0" isConstructor="false" isStatic="false" isGetter="false" isSetter="false">
              <Summary numSequencePoints="1" visitedSequencePoints="0" numBranchPoints="1" visitedBranchPoints="0" sequenceCoverage="0" branchCoverage="0" maxCyclomaticComplexity="1" minCyclomaticComplexity="1" visitedClasses="0" numClasses="0" visitedMethods="0" numMethods="1" />
              <MetadataToken>100663570</MetadataToken>
              <Name>System.Boolean MtgApiManager.Lib.Utility.QueryUtility/&lt;&gt;c__0`1::&lt;GetQueryPropertyName&gt;b__0_0(System.Object)</Name>
              <FileRef uid="2" />
              <SequencePoints>
                <SequencePoint vc="0" uspid="39" ordinal="0" offset="0" sl="38" sc="85" el="38" ec="111" bec="0" bev="0" fileid="2" />
              </SequencePoints>
              <BranchPoints />
              <MethodPoint xsi:type="SequencePoint" vc="0" uspid="39" ordinal="0" offset="0" sl="38" sc="85" el="38" ec="111" bec="0" bev="0" fileid="2" />
            </Method>
          </Methods>
        </Class>
        <Class>
          <Summary numSequencePoints="48" visitedSequencePoints="15" numBranchPoints="13" visitedBranchPoints="3" sequenceCoverage="31.25" branchCoverage="23.08" maxCyclomaticComplexity="4" minCyclomaticComplexity="1" visitedClasses="1" numClasses="1" visitedMethods="3" numMethods="7" />
          <FullName>MtgApiManager.Lib.Service.CardService</FullName>
          <Methods>
            <Method visited="false" cyclomaticComplexity="1" nPathComplexity="0" sequenceCoverage="0" branchCoverage="0" isConstructor="true" isStatic="false" isGetter="false" isSetter="false">
              <Summary numSequencePoints="3" visitedSequencePoints="0" numBranchPoints="1" visitedBranchPoints="0" sequenceCoverage="0" branchCoverage="0" maxCyclomaticComplexity="1" minCyclomaticComplexity="1" visitedClasses="0" numClasses="0" visitedMethods="0" numMethods="1" />
              <MetadataToken>100663299</MetadataToken>
              <Name>System.Void MtgApiManager.Lib.Service.CardService::.ctor(MtgApiManager.Lib.Core.IMtgApiServiceAdapter)</Name>
              <FileRef uid="4" />
              <SequencePoints>
                <SequencePoint vc="0" uspid="40" ordinal="0" offset="0" sl="35" sc="15" el="35" ec="52" bec="0" bev="0" fileid="4" />
                <SequencePoint vc="0" uspid="41" ordinal="1" offset="9" sl="36" sc="9" el="36" ec="10" bec="0" bev="0" fileid="4" />
                <SequencePoint vc="0" uspid="42" ordinal="2" offset="10" sl="37" sc="9" el="37" ec="10" bec="0" bev="0" fileid="4" />
              </SequencePoints>
              <BranchPoints />
              <MethodPoint xsi:type="SequencePoint" vc="0" uspid="40" ordinal="0" offset="0" sl="35" sc="15" el="35" ec="52" bec="0" bev="0" fileid="4" />
            </Method>
            <Method visited="true" cyclomaticComplexity="1" nPathComplexity="0" sequenceCoverage="100" branchCoverage="100" isConstructor="true" isStatic="false" isGetter="false" isSetter="false">
              <Summary numSequencePoints="3" visitedSequencePoints="3" numBranchPoints="1" visitedBranchPoints="1" sequenceCoverage="100" branchCoverage="100" maxCyclomaticComplexity="1" minCyclomaticComplexity="1" visitedClasses="0" numClasses="0" visitedMethods="1" numMethods="1" />
              <MetadataToken>100663300</MetadataToken>
              <Name>System.Void MtgApiManager.Lib.Service.CardService::.ctor()</Name>
              <FileRef uid="4" />
              <SequencePoints>
                <SequencePoint vc="1" uspid="43" ordinal="0" offset="0" sl="43" sc="15" el="43" ec="64" bec="0" bev="0" fileid="4" />
                <SequencePoint vc="1" uspid="44" ordinal="1" offset="13" sl="44" sc="9" el="44" ec="10" bec="0" bev="0" fileid="4" />
                <SequencePoint vc="1" uspid="45" ordinal="2" offset="14" sl="45" sc="9" el="45" ec="10" bec="0" bev="0" fileid="4" />
              </SequencePoints>
              <BranchPoints />
              <MethodPoint xsi:type="SequencePoint" vc="1" uspid="43" ordinal="0" offset="0" sl="43" sc="15" el="43" ec="64" bec="0" bev="0" fileid="4" />
            </Method>
            <Method visited="true" cyclomaticComplexity="1" nPathComplexity="0" sequenceCoverage="100" branchCoverage="100" isConstructor="true" isStatic="false" isGetter="false" isSetter="false">
              <Summary numSequencePoints="5" visitedSequencePoints="5" numBranchPoints="1" visitedBranchPoints="1" sequenceCoverage="100" branchCoverage="100" maxCyclomaticComplexity="1" minCyclomaticComplexity="1" visitedClasses="0" numClasses="0" visitedMethods="1" numMethods="1" />
              <MetadataToken>100663301</MetadataToken>
              <Name>System.Void MtgApiManager.Lib.Service.CardService::.ctor(MtgApiManager.Lib.Core.IMtgApiServiceAdapter,MtgApiManager.Lib.Core.ApiVersion)</Name>
              <FileRef uid="4" />
              <SequencePoints>
                <SequencePoint vc="1" uspid="46" ordinal="0" offset="0" sl="28" sc="9" el="28" ec="58" bec="0" bev="0" fileid="4" />
                <SequencePoint vc="1" uspid="47" ordinal="1" offset="7" sl="53" sc="15" el="53" ec="63" bec="0" bev="0" fileid="4" />
                <SequencePoint vc="1" uspid="48" ordinal="2" offset="17" sl="54" sc="9" el="54" ec="10" bec="0" bev="0" fileid="4" />
                <SequencePoint vc="1" uspid="49" ordinal="3" offset="18" sl="55" sc="13" el="55" ec="60" bec="0" bev="0" fileid="4" />
                <SequencePoint vc="1" uspid="50" ordinal="4" offset="29" sl="56" sc="9" el="56" ec="10" bec="0" bev="0" fileid="4" />
              </SequencePoints>
              <BranchPoints />
              <MethodPoint xsi:type="SequencePoint" vc="1" uspid="46" ordinal="0" offset="0" sl="28" sc="9" el="28" ec="58" bec="0" bev="0" fileid="4" />
            </Method>
            <Method visited="false" cyclomaticComplexity="1" nPathComplexity="0" sequenceCoverage="0" branchCoverage="0" isConstructor="false" isStatic="false" isGetter="false" isSetter="false">
              <Summary numSequencePoints="9" visitedSequencePoints="0" numBranchPoints="1" visitedBranchPoints="0" sequenceCoverage="0" branchCoverage="0" maxCyclomaticComplexity="1" minCyclomaticComplexity="1" visitedClasses="0" numClasses="0" visitedMethods="0" numMethods="1" />
              <MetadataToken>100663302</MetadataToken>
              <Name>MtgApiManager.Lib.Core.Exceptional`1&lt;System.Collections.Generic.List`1&lt;MtgApiManager.Lib.Model.Card.Card&gt;&gt; MtgApiManager.Lib.Service.CardService::All()</Name>
              <FileRef uid="4" />
              <SequencePoints>
                <SequencePoint vc="0" uspid="51" ordinal="0" offset="0" sl="63" sc="9" el="63" ec="10" bec="0" bev="0" fileid="4" />
                <SequencePoint vc="0" uspid="52" ordinal="1" offset="1" sl="65" sc="13" el="65" ec="14" bec="0" bev="0" fileid="4" />
                <SequencePoint vc="0" uspid="53" ordinal="2" offset="2" sl="66" sc="17" el="66" ec="63" bec="0" bev="0" fileid="4" />
                <SequencePoint vc="0" uspid="54" ordinal="3" offset="15" sl="67" sc="17" el="67" ec="90" bec="0" bev="0" fileid="4" />
                <SequencePoint vc="0" uspid="55" ordinal="4" offset="28" sl="69" sc="17" el="69" ec="89" bec="0" bev="0" fileid="4" />
                <SequencePoint vc="0" uspid="56" ordinal="5" offset="43" sl="71" sc="13" el="71" ec="42" bec="0" bev="0" fileid="4" />
                <SequencePoint vc="0" uspid="57" ordinal="6" offset="44" sl="72" sc="13" el="72" ec="14" bec="0" bev="0" fileid="4" />
                <SequencePoint vc="0" uspid="58" ordinal="7" offset="45" sl="73" sc="17" el="73" ec="85" bec="0" bev="0" fileid="4" />
                <SequencePoint vc="0" uspid="59" ordinal="8" offset="64" sl="75" sc="9" el="75" ec="10" bec="0" bev="0" fileid="4" />
              </SequencePoints>
              <BranchPoints />
              <MethodPoint xsi:type="SequencePoint" vc="0" uspid="51" ordinal="0" offset="0" sl="63" sc="9" el="63" ec="10" bec="0" bev="0" fileid="4" />
            </Method>
            <Method visited="false" cyclomaticComplexity="1" nPathComplexity="0" sequenceCoverage="0" branchCoverage="0" isConstructor="false" isStatic="false" isGetter="false" isSetter="false">
              <Summary numSequencePoints="0" visitedSequencePoints="0" numBranchPoints="0" visitedBranchPoints="0" sequenceCoverage="0" branchCoverage="0" maxCyclomaticComplexity="1" minCyclomaticComplexity="1" visitedClasses="0" numClasses="0" visitedMethods="0" numMethods="0" />
              <MetadataToken>100663303</MetadataToken>
              <Name>System.Threading.Tasks.Task`1&lt;MtgApiManager.Lib.Core.Exceptional`1&lt;System.Collections.Generic.List`1&lt;MtgApiManager.Lib.Model.Card.Card&gt;&gt;&gt; MtgApiManager.Lib.Service.CardService::AllAsync()</Name>
              <SequencePoints />
              <BranchPoints />
              <MethodPoint vc="0" uspid="60" ordinal="0" offset="0" />
            </Method>
            <Method visited="true" cyclomaticComplexity="1" nPathComplexity="0" sequenceCoverage="70" branchCoverage="100" isConstructor="false" isStatic="false" isGetter="false" isSetter="false">
              <Summary numSequencePoints="10" visitedSequencePoints="7" numBranchPoints="1" visitedBranchPoints="1" sequenceCoverage="70" branchCoverage="100" maxCyclomaticComplexity="1" minCyclomaticComplexity="1" visitedClasses="0" numClasses="0" visitedMethods="1" numMethods="1" />
              <MetadataToken>100663304</MetadataToken>
              <Name>MtgApiManager.Lib.Core.Exceptional`1&lt;MtgApiManager.Lib.Model.Card.Card&gt; MtgApiManager.Lib.Service.CardService::Find(System.Int32)</Name>
              <FileRef uid="4" />
              <SequencePoints>
                <SequencePoint vc="1" uspid="61" ordinal="0" offset="0" sl="102" sc="9" el="102" ec="10" bec="0" bev="0" fileid="4" />
                <SequencePoint vc="1" uspid="62" ordinal="1" offset="1" sl="104" sc="13" el="104" ec="14" bec="0" bev="0" fileid="4" />
                <SequencePoint vc="1" uspid="63" ordinal="2" offset="2" sl="105" sc="17" el="105" ec="115" bec="0" bev="0" fileid="4" />
                <SequencePoint vc="0" uspid="64" ordinal="3" offset="27" sl="106" sc="17" el="106" ec="40" bec="0" bev="0" fileid="4" />
                <SequencePoint vc="0" uspid="65" ordinal="4" offset="33" sl="107" sc="17" el="107" ec="46" bec="0" bev="0" fileid="4" />
                <SequencePoint vc="0" uspid="66" ordinal="5" offset="46" sl="109" sc="17" el="109" ec="57" bec="0" bev="0" fileid="4" />
                <SequencePoint vc="1" uspid="67" ordinal="6" offset="55" sl="111" sc="13" el="111" ec="42" bec="0" bev="0" fileid="4" />
                <SequencePoint vc="1" uspid="68" ordinal="7" offset="56" sl="112" sc="13" el="112" ec="14" bec="0" bev="0" fileid="4" />
                <SequencePoint vc="1" uspid="69" ordinal="8" offset="57" sl="113" sc="17" el="113" ec="79" bec="0" bev="0" fileid="4" />
                <SequencePoint vc="1" uspid="70" ordinal="9" offset="76" sl="115" sc="9" el="115" ec="10" bec="0" bev="0" fileid="4" />
              </SequencePoints>
              <BranchPoints />
              <MethodPoint xsi:type="SequencePoint" vc="1" uspid="61" ordinal="0" offset="0" sl="102" sc="9" el="102" ec="10" bec="0" bev="0" fileid="4" />
            </Method>
            <Method visited="false" cyclomaticComplexity="1" nPathComplexity="0" sequenceCoverage="0" branchCoverage="0" isConstructor="false" isStatic="false" isGetter="false" isSetter="false">
              <Summary numSequencePoints="0" visitedSequencePoints="0" numBranchPoints="0" visitedBranchPoints="0" sequenceCoverage="0" branchCoverage="0" maxCyclomaticComplexity="1" minCyclomaticComplexity="1" visitedClasses="0" numClasses="0" visitedMethods="0" numMethods="0" />
              <MetadataToken>100663305</MetadataToken>
              <Name>System.Threading.Tasks.Task`1&lt;MtgApiManager.Lib.Core.Exceptional`1&lt;MtgApiManager.Lib.Model.Card.Card&gt;&gt; MtgApiManager.Lib.Service.CardService::FindAsync(System.Int32)</Name>
              <SequencePoints />
              <BranchPoints />
              <MethodPoint vc="0" uspid="71" ordinal="0" offset="0" />
            </Method>
            <Method visited="false" cyclomaticComplexity="2" nPathComplexity="2" sequenceCoverage="0" branchCoverage="0" isConstructor="false" isStatic="false" isGetter="false" isSetter="false">
              <Summary numSequencePoints="9" visitedSequencePoints="0" numBranchPoints="3" visitedBranchPoints="0" sequenceCoverage="0" branchCoverage="0" maxCyclomaticComplexity="2" minCyclomaticComplexity="2" visitedClasses="0" numClasses="0" visitedMethods="0" numMethods="1" />
              <MetadataToken>100663306</MetadataToken>
              <Name>MtgApiManager.Lib.Service.CardService MtgApiManager.Lib.Service.CardService::Where(System.Linq.Expressions.Expression`1&lt;System.Func`2&lt;MtgApiManager.Lib.Dto.Cards.CardDto,U&gt;&gt;,System.String)</Name>
              <FileRef uid="4" />
              <SequencePoints>
                <SequencePoint vc="0" uspid="72" ordinal="0" offset="0" sl="146" sc="9" el="146" ec="10" bec="0" bev="0" fileid="4" />
                <SequencePoint vc="0" uspid="73" ordinal="1" offset="1" sl="147" sc="13" el="147" ec="77" bec="0" bev="0" fileid="4" />
                <SequencePoint vc="0" uspid="74" ordinal="2" offset="13" sl="148" sc="13" el="148" ec="96" bec="0" bev="0" fileid="4" />
                <SequencePoint vc="0" uspid="75" ordinal="3" offset="30" sl="150" sc="13" el="150" ec="55" bec="2" bev="0" fileid="4" />
                <SequencePoint vc="0" uspid="76" ordinal="4" offset="43" sl="151" sc="13" el="151" ec="14" bec="0" bev="0" fileid="4" />
                <SequencePoint vc="0" uspid="77" ordinal="5" offset="44" sl="152" sc="17" el="152" ec="55" bec="0" bev="0" fileid="4" />
                <SequencePoint vc="0" uspid="78" ordinal="6" offset="58" sl="153" sc="13" el="153" ec="14" bec="0" bev="0" fileid="4" />
                <SequencePoint vc="0" uspid="79" ordinal="7" offset="59" sl="155" sc="13" el="155" ec="25" bec="0" bev="0" fileid="4" />
                <SequencePoint vc="0" uspid="80" ordinal="8" offset="63" sl="156" sc="9" el="156" ec="10" bec="0" bev="0" fileid="4" />
              </SequencePoints>
              <BranchPoints>
                <BranchPoint vc="0" uspid="81" ordinal="0" offset="41" sl="150" path="0" offsetend="43" fileid="4" />
                <BranchPoint vc="0" uspid="82" ordinal="1" offset="41" sl="150" path="1" offsetend="59" fileid="4" />
              </BranchPoints>
              <MethodPoint xsi:type="SequencePoint" vc="0" uspid="72" ordinal="0" offset="0" sl="146" sc="9" el="146" ec="10" bec="0" bev="0" fileid="4" />
            </Method>
            <Method visited="false" cyclomaticComplexity="4" nPathComplexity="4" sequenceCoverage="0" branchCoverage="0" isConstructor="false" isStatic="false" isGetter="false" isSetter="false">
              <Summary numSequencePoints="9" visitedSequencePoints="0" numBranchPoints="5" visitedBranchPoints="0" sequenceCoverage="0" branchCoverage="0" maxCyclomaticComplexity="4" minCyclomaticComplexity="4" visitedClasses="0" numClasses="0" visitedMethods="0" numMethods="1" />
              <MetadataToken>100663307</MetadataToken>
              <Name>System.Collections.Generic.List`1&lt;MtgApiManager.Lib.Model.Card.Card&gt; MtgApiManager.Lib.Service.CardService::MapCardsList(MtgApiManager.Lib.Dto.Cards.RootCardListDto)</Name>
              <FileRef uid="4" />
              <SequencePoints>
                <SequencePoint vc="0" uspid="83" ordinal="0" offset="0" sl="164" sc="9" el="164" ec="10" bec="0" bev="0" fileid="4" />
                <SequencePoint vc="0" uspid="84" ordinal="1" offset="1" sl="165" sc="13" el="165" ec="37" bec="2" bev="0" fileid="4" />
                <SequencePoint vc="0" uspid="85" ordinal="2" offset="9" sl="166" sc="13" el="166" ec="14" bec="0" bev="0" fileid="4" />
                <SequencePoint vc="0" uspid="86" ordinal="3" offset="10" sl="167" sc="17" el="167" ec="60" bec="0" bev="0" fileid="4" />
                <SequencePoint vc="0" uspid="87" ordinal="4" offset="21" sl="170" sc="13" el="170" ec="43" bec="2" bev="0" fileid="4" />
                <SequencePoint vc="0" uspid="88" ordinal="5" offset="34" sl="171" sc="13" el="171" ec="14" bec="0" bev="0" fileid="4" />
                <SequencePoint vc="0" uspid="89" ordinal="6" offset="35" sl="172" sc="17" el="172" ec="29" bec="0" bev="0" fileid="4" />
                <SequencePoint vc="0" uspid="90" ordinal="7" offset="39" sl="175" sc="13" el="182" ec="27" bec="0" bev="0" fileid="4" />
                <SequencePoint vc="0" uspid="91" ordinal="8" offset="89" sl="183" sc="9" el="183" ec="10" bec="0" bev="0" fileid="4" />
              </SequencePoints>
              <BranchPoints>
                <BranchPoint vc="0" uspid="92" ordinal="0" offset="7" sl="165" path="0" offsetend="9" fileid="4" />
                <BranchPoint vc="0" uspid="93" ordinal="1" offset="7" sl="165" path="1" offsetend="21" fileid="4" />
                <BranchPoint vc="0" uspid="94" ordinal="2" offset="32" sl="170" path="0" offsetend="34" fileid="4" />
                <BranchPoint vc="0" uspid="95" ordinal="3" offset="32" sl="170" path="1" offsetend="39" fileid="4" />
              </BranchPoints>
              <MethodPoint xsi:type="SequencePoint" vc="0" uspid="83" ordinal="0" offset="0" sl="164" sc="9" el="164" ec="10" bec="0" bev="0" fileid="4" />
            </Method>
          </Methods>
        </Class>
        <Class>
          <Summary numSequencePoints="8" visitedSequencePoints="0" numBranchPoints="3" visitedBranchPoints="0" sequenceCoverage="0" branchCoverage="0" maxCyclomaticComplexity="4" minCyclomaticComplexity="1" visitedClasses="0" numClasses="1" visitedMethods="0" numMethods="1" />
          <FullName>MtgApiManager.Lib.Service.CardService/&lt;AllAsync&gt;d__5</FullName>
          <Methods>
            <Method visited="false" cyclomaticComplexity="1" nPathComplexity="0" sequenceCoverage="0" branchCoverage="0" isConstructor="true" isStatic="false" isGetter="false" isSetter="false">
              <Summary numSequencePoints="0" visitedSequencePoints="0" numBranchPoints="0" visitedBranchPoints="0" sequenceCoverage="0" branchCoverage="0" maxCyclomaticComplexity="1" minCyclomaticComplexity="1" visitedClasses="0" numClasses="0" visitedMethods="0" numMethods="0" />
              <MetadataToken>100663571</MetadataToken>
              <Name>System.Void MtgApiManager.Lib.Service.CardService/&lt;AllAsync&gt;d__5::.ctor()</Name>
              <SequencePoints />
              <BranchPoints />
              <MethodPoint vc="0" uspid="98" ordinal="0" offset="0" />
            </Method>
            <Method visited="false" cyclomaticComplexity="4" nPathComplexity="2" sequenceCoverage="0" branchCoverage="0" isConstructor="false" isStatic="false" isGetter="false" isSetter="false">
              <Summary numSequencePoints="8" visitedSequencePoints="0" numBranchPoints="3" visitedBranchPoints="0" sequenceCoverage="0" branchCoverage="0" maxCyclomaticComplexity="4" minCyclomaticComplexity="4" visitedClasses="0" numClasses="0" visitedMethods="0" numMethods="1" />
              <MetadataToken>100663572</MetadataToken>
              <Name>System.Void MtgApiManager.Lib.Service.CardService/&lt;AllAsync&gt;d__5::MoveNext()</Name>
              <FileRef uid="4" />
              <SequencePoints>
                <SequencePoint vc="0" uspid="99" ordinal="0" offset="14" sl="82" sc="9" el="82" ec="10" bec="2" bev="0" fileid="4" />
                <SequencePoint vc="0" uspid="100" ordinal="1" offset="23" sl="84" sc="13" el="84" ec="14" bec="0" bev="0" fileid="4" />
                <SequencePoint vc="0" uspid="101" ordinal="2" offset="24" sl="85" sc="17" el="85" ec="63" bec="0" bev="0" fileid="4" />
                <SequencePoint vc="0" uspid="102" ordinal="3" offset="52" sl="86" sc="17" el="86" ec="89" bec="0" bev="0" fileid="4" />
                <SequencePoint vc="0" uspid="103" ordinal="4" offset="194" sl="88" sc="17" el="88" ec="89" bec="0" bev="0" fileid="4" />
                <SequencePoint vc="0" uspid="104" ordinal="5" offset="219" sl="90" sc="13" el="90" ec="42" bec="0" bev="0" fileid="4" />
                <SequencePoint vc="0" uspid="105" ordinal="6" offset="229" sl="91" sc="13" el="91" ec="14" bec="0" bev="0" fileid="4" />
                <SequencePoint vc="0" uspid="106" ordinal="7" offset="230" sl="92" sc="17" el="92" ec="85" bec="0" bev="0" fileid="4" />
              </SequencePoints>
              <BranchPoints>
                <BranchPoint vc="0" uspid="108" ordinal="0" offset="17" sl="82" path="0" offsetchain="19" offsetend="23" fileid="4" />
                <BranchPoint vc="0" uspid="109" ordinal="1" offset="17" sl="82" path="1" offsetchain="21" offsetend="124" fileid="4" />
              </BranchPoints>
              <MethodPoint vc="0" uspid="112" ordinal="0" offset="0" />
            </Method>
            <Method visited="false" cyclomaticComplexity="1" nPathComplexity="0" sequenceCoverage="0" branchCoverage="0" isConstructor="false" isStatic="false" isGetter="false" isSetter="false">
              <Summary numSequencePoints="0" visitedSequencePoints="0" numBranchPoints="0" visitedBranchPoints="0" sequenceCoverage="0" branchCoverage="0" maxCyclomaticComplexity="1" minCyclomaticComplexity="1" visitedClasses="0" numClasses="0" visitedMethods="0" numMethods="0" />
              <MetadataToken>100663573</MetadataToken>
              <Name>System.Void MtgApiManager.Lib.Service.CardService/&lt;AllAsync&gt;d__5::SetStateMachine(System.Runtime.CompilerServices.IAsyncStateMachine)</Name>
              <SequencePoints />
              <BranchPoints />
              <MethodPoint vc="0" uspid="113" ordinal="0" offset="0" />
            </Method>
          </Methods>
        </Class>
        <Class>
          <Summary numSequencePoints="9" visitedSequencePoints="0" numBranchPoints="3" visitedBranchPoints="0" sequenceCoverage="0" branchCoverage="0" maxCyclomaticComplexity="4" minCyclomaticComplexity="1" visitedClasses="0" numClasses="1" visitedMethods="0" numMethods="1" />
          <FullName>MtgApiManager.Lib.Service.CardService/&lt;FindAsync&gt;d__7</FullName>
          <Methods>
            <Method visited="false" cyclomaticComplexity="1" nPathComplexity="0" sequenceCoverage="0" branchCoverage="0" isConstructor="true" isStatic="false" isGetter="false" isSetter="false">
              <Summary numSequencePoints="0" visitedSequencePoints="0" numBranchPoints="0" visitedBranchPoints="0" sequenceCoverage="0" branchCoverage="0" maxCyclomaticComplexity="1" minCyclomaticComplexity="1" visitedClasses="0" numClasses="0" visitedMethods="0" numMethods="0" />
              <MetadataToken>100663574</MetadataToken>
              <Name>System.Void MtgApiManager.Lib.Service.CardService/&lt;FindAsync&gt;d__7::.ctor()</Name>
              <SequencePoints />
              <BranchPoints />
              <MethodPoint vc="0" uspid="114" ordinal="0" offset="0" />
            </Method>
            <Method visited="false" cyclomaticComplexity="4" nPathComplexity="2" sequenceCoverage="0" branchCoverage="0" isConstructor="false" isStatic="false" isGetter="false" isSetter="false">
              <Summary numSequencePoints="9" visitedSequencePoints="0" numBranchPoints="3" visitedBranchPoints="0" sequenceCoverage="0" branchCoverage="0" maxCyclomaticComplexity="4" minCyclomaticComplexity="4" visitedClasses="0" numClasses="0" visitedMethods="0" numMethods="1" />
              <MetadataToken>100663575</MetadataToken>
              <Name>System.Void MtgApiManager.Lib.Service.CardService/&lt;FindAsync&gt;d__7::MoveNext()</Name>
              <FileRef uid="4" />
              <SequencePoints>
                <SequencePoint vc="0" uspid="115" ordinal="0" offset="14" sl="123" sc="9" el="123" ec="10" bec="2" bev="0" fileid="4" />
                <SequencePoint vc="0" uspid="116" ordinal="1" offset="23" sl="125" sc="13" el="125" ec="14" bec="0" bev="0" fileid="4" />
                <SequencePoint vc="0" uspid="117" ordinal="2" offset="24" sl="126" sc="17" el="126" ec="114" bec="0" bev="0" fileid="4" />
                <SequencePoint vc="0" uspid="118" ordinal="3" offset="182" sl="127" sc="17" el="127" ec="40" bec="0" bev="0" fileid="4" />
                <SequencePoint vc="0" uspid="119" ordinal="4" offset="193" sl="128" sc="17" el="128" ec="46" bec="0" bev="0" fileid="4" />
                <SequencePoint vc="0" uspid="120" ordinal="5" offset="216" sl="130" sc="17" el="130" ec="57" bec="0" bev="0" fileid="4" />
                <SequencePoint vc="0" uspid="121" ordinal="6" offset="230" sl="132" sc="13" el="132" ec="42" bec="0" bev="0" fileid="4" />
                <SequencePoint vc="0" uspid="122" ordinal="7" offset="240" sl="133" sc="13" el="133" ec="14" bec="0" bev="0" fileid="4" />
                <SequencePoint vc="0" uspid="123" ordinal="8" offset="241" sl="134" sc="17" el="134" ec="79" bec="0" bev="0" fileid="4" />
              </SequencePoints>
              <BranchPoints>
                <BranchPoint vc="0" uspid="125" ordinal="0" offset="17" sl="123" path="0" offsetchain="19" offsetend="23" fileid="4" />
                <BranchPoint vc="0" uspid="126" ordinal="1" offset="17" sl="123" path="1" offsetchain="21" offsetend="112" fileid="4" />
              </BranchPoints>
              <MethodPoint vc="0" uspid="129" ordinal="0" offset="0" />
            </Method>
            <Method visited="false" cyclomaticComplexity="1" nPathComplexity="0" sequenceCoverage="0" branchCoverage="0" isConstructor="false" isStatic="false" isGetter="false" isSetter="false">
              <Summary numSequencePoints="0" visitedSequencePoints="0" numBranchPoints="0" visitedBranchPoints="0" sequenceCoverage="0" branchCoverage="0" maxCyclomaticComplexity="1" minCyclomaticComplexity="1" visitedClasses="0" numClasses="0" visitedMethods="0" numMethods="0" />
              <MetadataToken>100663576</MetadataToken>
              <Name>System.Void MtgApiManager.Lib.Service.CardService/&lt;FindAsync&gt;d__7::SetStateMachine(System.Runtime.CompilerServices.IAsyncStateMachine)</Name>
              <SequencePoints />
              <BranchPoints />
              <MethodPoint vc="0" uspid="130" ordinal="0" offset="0" />
            </Method>
          </Methods>
        </Class>
        <Class>
          <Summary numSequencePoints="5" visitedSequencePoints="0" numBranchPoints="1" visitedBranchPoints="0" sequenceCoverage="0" branchCoverage="0" maxCyclomaticComplexity="1" minCyclomaticComplexity="1" visitedClasses="0" numClasses="1" visitedMethods="0" numMethods="1" />
          <FullName>MtgApiManager.Lib.Service.CardService/&lt;&gt;c</FullName>
          <Methods>
            <Method visited="false" cyclomaticComplexity="1" nPathComplexity="0" sequenceCoverage="0" branchCoverage="0" isConstructor="true" isStatic="true" isGetter="false" isSetter="false">
              <Summary numSequencePoints="0" visitedSequencePoints="0" numBranchPoints="0" visitedBranchPoints="0" sequenceCoverage="0" branchCoverage="0" maxCyclomaticComplexity="1" minCyclomaticComplexity="1" visitedClasses="0" numClasses="0" visitedMethods="0" numMethods="0" />
              <MetadataToken>100663577</MetadataToken>
              <Name>System.Void MtgApiManager.Lib.Service.CardService/&lt;&gt;c::.cctor()</Name>
              <SequencePoints />
              <BranchPoints />
              <MethodPoint vc="0" uspid="131" ordinal="0" offset="0" />
            </Method>
            <Method visited="false" cyclomaticComplexity="1" nPathComplexity="0" sequenceCoverage="0" branchCoverage="0" isConstructor="true" isStatic="false" isGetter="false" isSetter="false">
              <Summary numSequencePoints="0" visitedSequencePoints="0" numBranchPoints="0" visitedBranchPoints="0" sequenceCoverage="0" branchCoverage="0" maxCyclomaticComplexity="1" minCyclomaticComplexity="1" visitedClasses="0" numClasses="0" visitedMethods="0" numMethods="0" />
              <MetadataToken>100663578</MetadataToken>
              <Name>System.Void MtgApiManager.Lib.Service.CardService/&lt;&gt;c::.ctor()</Name>
              <SequencePoints />
              <BranchPoints />
              <MethodPoint vc="0" uspid="132" ordinal="0" offset="0" />
            </Method>
            <Method visited="false" cyclomaticComplexity="1" nPathComplexity="0" sequenceCoverage="0" branchCoverage="0" isConstructor="false" isStatic="false" isGetter="false" isSetter="false">
              <Summary numSequencePoints="5" visitedSequencePoints="0" numBranchPoints="1" visitedBranchPoints="0" sequenceCoverage="0" branchCoverage="0" maxCyclomaticComplexity="1" minCyclomaticComplexity="1" visitedClasses="0" numClasses="0" visitedMethods="0" numMethods="1" />
              <MetadataToken>100663579</MetadataToken>
              <Name>MtgApiManager.Lib.Model.Card.Card MtgApiManager.Lib.Service.CardService/&lt;&gt;c::&lt;MapCardsList&gt;b__9_0(MtgApiManager.Lib.Dto.Cards.CardDto)</Name>
              <FileRef uid="4" />
              <SequencePoints>
                <SequencePoint vc="0" uspid="133" ordinal="0" offset="0" sl="177" sc="17" el="177" ec="18" bec="0" bev="0" fileid="4" />
                <SequencePoint vc="0" uspid="134" ordinal="1" offset="1" sl="178" sc="21" el="178" ec="46" bec="0" bev="0" fileid="4" />
                <SequencePoint vc="0" uspid="135" ordinal="2" offset="7" sl="179" sc="21" el="179" ec="40" bec="0" bev="0" fileid="4" />
                <SequencePoint vc="0" uspid="136" ordinal="3" offset="15" sl="180" sc="21" el="180" ec="36" bec="0" bev="0" fileid="4" />
                <SequencePoint vc="0" uspid="137" ordinal="4" offset="19" sl="181" sc="17" el="181" ec="18" bec="0" bev="0" fileid="4" />
              </SequencePoints>
              <BranchPoints />
              <MethodPoint xsi:type="SequencePoint" vc="0" uspid="133" ordinal="0" offset="0" sl="177" sc="17" el="177" ec="18" bec="0" bev="0" fileid="4" />
            </Method>
          </Methods>
        </Class>
        <Class>
          <Summary numSequencePoints="59" visitedSequencePoints="10" numBranchPoints="25" visitedBranchPoints="2" sequenceCoverage="16.95" branchCoverage="8" maxCyclomaticComplexity="7" minCyclomaticComplexity="1" visitedClasses="1" numClasses="1" visitedMethods="2" numMethods="13" />
          <FullName>MtgApiManager.Lib.Service.ServiceBase`2</FullName>
          <Methods>
            <Method visited="false" cyclomaticComplexity="1" nPathComplexity="0" sequenceCoverage="0" branchCoverage="0" isConstructor="false" isStatic="false" isGetter="true" isSetter="false">
              <Summary numSequencePoints="1" visitedSequencePoints="0" numBranchPoints="1" visitedBranchPoints="0" sequenceCoverage="0" branchCoverage="0" maxCyclomaticComplexity="1" minCyclomaticComplexity="1" visitedClasses="0" numClasses="0" visitedMethods="0" numMethods="1" />
              <MetadataToken>100663310</MetadataToken>
              <Name>System.Int32 MtgApiManager.Lib.Service.ServiceBase`2::get_Count()</Name>
              <FileRef uid="8" />
              <SequencePoints>
                <SequencePoint vc="0" uspid="138" ordinal="0" offset="0" sl="66" sc="13" el="66" ec="17" bec="0" bev="0" fileid="8" />
              </SequencePoints>
              <BranchPoints />
              <MethodPoint xsi:type="SequencePoint" vc="0" uspid="138" ordinal="0" offset="0" sl="66" sc="13" el="66" ec="17" bec="0" bev="0" fileid="8" />
            </Method>
            <Method visited="false" cyclomaticComplexity="1" nPathComplexity="0" sequenceCoverage="0" branchCoverage="0" isConstructor="false" isStatic="false" isGetter="false" isSetter="true">
              <Summary numSequencePoints="1" visitedSequencePoints="0" numBranchPoints="1" visitedBranchPoints="0" sequenceCoverage="0" branchCoverage="0" maxCyclomaticComplexity="1" minCyclomaticComplexity="1" visitedClasses="0" numClasses="0" visitedMethods="0" numMethods="1" />
              <MetadataToken>100663311</MetadataToken>
              <Name>System.Void MtgApiManager.Lib.Service.ServiceBase`2::set_Count(System.Int32)</Name>
              <FileRef uid="8" />
              <SequencePoints>
                <SequencePoint vc="0" uspid="139" ordinal="0" offset="0" sl="67" sc="13" el="67" ec="25" bec="0" bev="0" fileid="8" />
              </SequencePoints>
              <BranchPoints />
              <MethodPoint xsi:type="SequencePoint" vc="0" uspid="139" ordinal="0" offset="0" sl="67" sc="13" el="67" ec="25" bec="0" bev="0" fileid="8" />
            </Method>
            <Method visited="false" cyclomaticComplexity="1" nPathComplexity="0" sequenceCoverage="0" branchCoverage="0" isConstructor="false" isStatic="false" isGetter="true" isSetter="false">
              <Summary numSequencePoints="1" visitedSequencePoints="0" numBranchPoints="1" visitedBranchPoints="0" sequenceCoverage="0" branchCoverage="0" maxCyclomaticComplexity="1" minCyclomaticComplexity="1" visitedClasses="0" numClasses="0" visitedMethods="0" numMethods="1" />
              <MetadataToken>100663312</MetadataToken>
              <Name>System.Int32 MtgApiManager.Lib.Service.ServiceBase`2::get_PageSize()</Name>
              <FileRef uid="8" />
              <SequencePoints>
                <SequencePoint vc="0" uspid="140" ordinal="0" offset="0" sl="75" sc="13" el="75" ec="17" bec="0" bev="0" fileid="8" />
              </SequencePoints>
              <BranchPoints />
              <MethodPoint xsi:type="SequencePoint" vc="0" uspid="140" ordinal="0" offset="0" sl="75" sc="13" el="75" ec="17" bec="0" bev="0" fileid="8" />
            </Method>
            <Method visited="false" cyclomaticComplexity="1" nPathComplexity="0" sequenceCoverage="0" branchCoverage="0" isConstructor="false" isStatic="false" isGetter="false" isSetter="true">
              <Summary numSequencePoints="1" visitedSequencePoints="0" numBranchPoints="1" visitedBranchPoints="0" sequenceCoverage="0" branchCoverage="0" maxCyclomaticComplexity="1" minCyclomaticComplexity="1" visitedClasses="0" numClasses="0" visitedMethods="0" numMethods="1" />
              <MetadataToken>100663313</MetadataToken>
              <Name>System.Void MtgApiManager.Lib.Service.ServiceBase`2::set_PageSize(System.Int32)</Name>
              <FileRef uid="8" />
              <SequencePoints>
                <SequencePoint vc="0" uspid="141" ordinal="0" offset="0" sl="76" sc="13" el="76" ec="25" bec="0" bev="0" fileid="8" />
              </SequencePoints>
              <BranchPoints />
              <MethodPoint xsi:type="SequencePoint" vc="0" uspid="141" ordinal="0" offset="0" sl="76" sc="13" el="76" ec="25" bec="0" bev="0" fileid="8" />
            </Method>
            <Method visited="false" cyclomaticComplexity="1" nPathComplexity="0" sequenceCoverage="0" branchCoverage="0" isConstructor="false" isStatic="false" isGetter="true" isSetter="false">
              <Summary numSequencePoints="1" visitedSequencePoints="0" numBranchPoints="1" visitedBranchPoints="0" sequenceCoverage="0" branchCoverage="0" maxCyclomaticComplexity="1" minCyclomaticComplexity="1" visitedClasses="0" numClasses="0" visitedMethods="0" numMethods="1" />
              <MetadataToken>100663314</MetadataToken>
              <Name>System.Int32 MtgApiManager.Lib.Service.ServiceBase`2::get_TotalCount()</Name>
              <FileRef uid="8" />
              <SequencePoints>
                <SequencePoint vc="0" uspid="142" ordinal="0" offset="0" sl="84" sc="13" el="84" ec="17" bec="0" bev="0" fileid="8" />
              </SequencePoints>
              <BranchPoints />
              <MethodPoint xsi:type="SequencePoint" vc="0" uspid="142" ordinal="0" offset="0" sl="84" sc="13" el="84" ec="17" bec="0" bev="0" fileid="8" />
            </Method>
            <Method visited="false" cyclomaticComplexity="1" nPathComplexity="0" sequenceCoverage="0" branchCoverage="0" isConstructor="false" isStatic="false" isGetter="false" isSetter="true">
              <Summary numSequencePoints="1" visitedSequencePoints="0" numBranchPoints="1" visitedBranchPoints="0" sequenceCoverage="0" branchCoverage="0" maxCyclomaticComplexity="1" minCyclomaticComplexity="1" visitedClasses="0" numClasses="0" visitedMethods="0" numMethods="1" />
              <MetadataToken>100663315</MetadataToken>
              <Name>System.Void MtgApiManager.Lib.Service.ServiceBase`2::set_TotalCount(System.Int32)</Name>
              <FileRef uid="8" />
              <SequencePoints>
                <SequencePoint vc="0" uspid="143" ordinal="0" offset="0" sl="85" sc="13" el="85" ec="25" bec="0" bev="0" fileid="8" />
              </SequencePoints>
              <BranchPoints />
              <MethodPoint xsi:type="SequencePoint" vc="0" uspid="143" ordinal="0" offset="0" sl="85" sc="13" el="85" ec="25" bec="0" bev="0" fileid="8" />
            </Method>
            <Method visited="false" cyclomaticComplexity="1" nPathComplexity="0" sequenceCoverage="0" branchCoverage="0" isConstructor="false" isStatic="false" isGetter="true" isSetter="false">
              <Summary numSequencePoints="3" visitedSequencePoints="0" numBranchPoints="1" visitedBranchPoints="0" sequenceCoverage="0" branchCoverage="0" maxCyclomaticComplexity="1" minCyclomaticComplexity="1" visitedClasses="0" numClasses="0" visitedMethods="0" numMethods="1" />
              <MetadataToken>100663316</MetadataToken>
              <Name>MtgApiManager.Lib.Core.IMtgApiServiceAdapter MtgApiManager.Lib.Service.ServiceBase`2::get_Adapter()</Name>
              <FileRef uid="8" />
              <SequencePoints>
                <SequencePoint vc="0" uspid="144" ordinal="0" offset="0" sl="94" sc="13" el="94" ec="14" bec="0" bev="0" fileid="8" />
                <SequencePoint vc="0" uspid="145" ordinal="1" offset="1" sl="95" sc="17" el="95" ec="38" bec="0" bev="0" fileid="8" />
                <SequencePoint vc="0" uspid="146" ordinal="2" offset="10" sl="96" sc="13" el="96" ec="14" bec="0" bev="0" fileid="8" />
              </SequencePoints>
              <BranchPoints />
              <MethodPoint xsi:type="SequencePoint" vc="0" uspid="144" ordinal="0" offset="0" sl="94" sc="13" el="94" ec="14" bec="0" bev="0" fileid="8" />
            </Method>
            <Method visited="false" cyclomaticComplexity="1" nPathComplexity="0" sequenceCoverage="0" branchCoverage="0" isConstructor="false" isStatic="false" isGetter="true" isSetter="false">
              <Summary numSequencePoints="3" visitedSequencePoints="0" numBranchPoints="1" visitedBranchPoints="0" sequenceCoverage="0" branchCoverage="0" maxCyclomaticComplexity="1" minCyclomaticComplexity="1" visitedClasses="0" numClasses="0" visitedMethods="0" numMethods="1" />
              <MetadataToken>100663317</MetadataToken>
              <Name>MtgApiManager.Lib.Core.ApiEndPoint MtgApiManager.Lib.Service.ServiceBase`2::get_EndPoint()</Name>
              <FileRef uid="8" />
              <SequencePoints>
                <SequencePoint vc="0" uspid="147" ordinal="0" offset="0" sl="105" sc="13" el="105" ec="14" bec="0" bev="0" fileid="8" />
                <SequencePoint vc="0" uspid="148" ordinal="1" offset="1" sl="106" sc="17" el="106" ec="39" bec="0" bev="0" fileid="8" />
                <SequencePoint vc="0" uspid="149" ordinal="2" offset="10" sl="107" sc="13" el="107" ec="14" bec="0" bev="0" fileid="8" />
              </SequencePoints>
              <BranchPoints />
              <MethodPoint xsi:type="SequencePoint" vc="0" uspid="147" ordinal="0" offset="0" sl="105" sc="13" el="105" ec="14" bec="0" bev="0" fileid="8" />
            </Method>
            <Method visited="false" cyclomaticComplexity="1" nPathComplexity="0" sequenceCoverage="0" branchCoverage="0" isConstructor="false" isStatic="false" isGetter="true" isSetter="false">
              <Summary numSequencePoints="3" visitedSequencePoints="0" numBranchPoints="1" visitedBranchPoints="0" sequenceCoverage="0" branchCoverage="0" maxCyclomaticComplexity="1" minCyclomaticComplexity="1" visitedClasses="0" numClasses="0" visitedMethods="0" numMethods="1" />
              <MetadataToken>100663318</MetadataToken>
              <Name>MtgApiManager.Lib.Core.ApiVersion MtgApiManager.Lib.Service.ServiceBase`2::get_Version()</Name>
              <FileRef uid="8" />
              <SequencePoints>
                <SequencePoint vc="0" uspid="150" ordinal="0" offset="0" sl="116" sc="13" el="116" ec="14" bec="0" bev="0" fileid="8" />
                <SequencePoint vc="0" uspid="151" ordinal="1" offset="1" sl="117" sc="17" el="117" ec="38" bec="0" bev="0" fileid="8" />
                <SequencePoint vc="0" uspid="152" ordinal="2" offset="10" sl="118" sc="13" el="118" ec="14" bec="0" bev="0" fileid="8" />
              </SequencePoints>
              <BranchPoints />
              <MethodPoint xsi:type="SequencePoint" vc="0" uspid="150" ordinal="0" offset="0" sl="116" sc="13" el="116" ec="14" bec="0" bev="0" fileid="8" />
            </Method>
            <Method visited="true" cyclomaticComplexity="1" nPathComplexity="0" sequenceCoverage="100" branchCoverage="100" isConstructor="true" isStatic="false" isGetter="false" isSetter="false">
              <Summary numSequencePoints="7" visitedSequencePoints="7" numBranchPoints="1" visitedBranchPoints="1" sequenceCoverage="100" branchCoverage="100" maxCyclomaticComplexity="1" minCyclomaticComplexity="1" visitedClasses="0" numClasses="0" visitedMethods="1" numMethods="1" />
              <MetadataToken>100663309</MetadataToken>
              <Name>System.Void MtgApiManager.Lib.Service.ServiceBase`2::.ctor(MtgApiManager.Lib.Core.IMtgApiServiceAdapter,MtgApiManager.Lib.Core.ApiVersion,MtgApiManager.Lib.Core.ApiEndPoint)</Name>
              <FileRef uid="8" />
              <SequencePoints>
                <SequencePoint vc="1" uspid="153" ordinal="0" offset="0" sl="36" sc="9" el="36" ec="55" bec="0" bev="0" fileid="8" />
                <SequencePoint vc="1" uspid="154" ordinal="1" offset="7" sl="54" sc="9" el="54" ec="107" bec="0" bev="0" fileid="8" />
                <SequencePoint vc="1" uspid="155" ordinal="2" offset="14" sl="55" sc="9" el="55" ec="10" bec="0" bev="0" fileid="8" />
                <SequencePoint vc="1" uspid="156" ordinal="3" offset="15" sl="56" sc="13" el="56" ec="44" bec="0" bev="0" fileid="8" />
                <SequencePoint vc="1" uspid="157" ordinal="4" offset="22" sl="57" sc="13" el="57" ec="37" bec="0" bev="0" fileid="8" />
                <SequencePoint vc="1" uspid="158" ordinal="5" offset="29" sl="58" sc="13" el="58" ec="39" bec="0" bev="0" fileid="8" />
                <SequencePoint vc="1" uspid="159" ordinal="6" offset="36" sl="59" sc="9" el="59" ec="10" bec="0" bev="0" fileid="8" />
              </SequencePoints>
              <BranchPoints />
              <MethodPoint xsi:type="SequencePoint" vc="1" uspid="153" ordinal="0" offset="0" sl="36" sc="9" el="36" ec="55" bec="0" bev="0" fileid="8" />
            </Method>
            <Method visited="false" cyclomaticComplexity="1" nPathComplexity="0" sequenceCoverage="0" branchCoverage="0" isConstructor="false" isStatic="false" isGetter="false" isSetter="false">
              <Summary numSequencePoints="7" visitedSequencePoints="0" numBranchPoints="1" visitedBranchPoints="0" sequenceCoverage="0" branchCoverage="0" maxCyclomaticComplexity="1" minCyclomaticComplexity="1" visitedClasses="0" numClasses="0" visitedMethods="0" numMethods="1" />
              <MetadataToken>100663321</MetadataToken>
              <Name>System.Uri MtgApiManager.Lib.Service.ServiceBase`2::BuildUri(System.Collections.Specialized.NameValueCollection)</Name>
              <FileRef uid="8" />
              <SequencePoints>
                <SequencePoint vc="0" uspid="160" ordinal="0" offset="0" sl="139" sc="9" el="139" ec="10" bec="0" bev="0" fileid="8" />
                <SequencePoint vc="0" uspid="161" ordinal="1" offset="1" sl="140" sc="13" el="143" ec="107" bec="0" bev="0" fileid="8" />
                <SequencePoint vc="0" uspid="162" ordinal="2" offset="64" sl="145" sc="13" el="145" ec="72" bec="0" bev="0" fileid="8" />
                <SequencePoint vc="0" uspid="163" ordinal="3" offset="76" sl="146" sc="13" el="146" ec="35" bec="0" bev="0" fileid="8" />
                <SequencePoint vc="0" uspid="164" ordinal="4" offset="84" sl="147" sc="13" el="147" ec="49" bec="0" bev="0" fileid="8" />
                <SequencePoint vc="0" uspid="165" ordinal="5" offset="97" sl="149" sc="13" el="149" ec="35" bec="0" bev="0" fileid="8" />
                <SequencePoint vc="0" uspid="166" ordinal="6" offset="106" sl="150" sc="9" el="150" ec="10" bec="0" bev="0" fileid="8" />
              </SequencePoints>
              <BranchPoints />
              <MethodPoint xsi:type="SequencePoint" vc="0" uspid="160" ordinal="0" offset="0" sl="139" sc="9" el="139" ec="10" bec="0" bev="0" fileid="8" />
            </Method>
            <Method visited="true" cyclomaticComplexity="1" nPathComplexity="0" sequenceCoverage="100" branchCoverage="100" isConstructor="false" isStatic="false" isGetter="false" isSetter="false">
              <Summary numSequencePoints="3" visitedSequencePoints="3" numBranchPoints="1" visitedBranchPoints="1" sequenceCoverage="100" branchCoverage="100" maxCyclomaticComplexity="1" minCyclomaticComplexity="1" visitedClasses="0" numClasses="0" visitedMethods="1" numMethods="1" />
              <MetadataToken>100663322</MetadataToken>
              <Name>System.Uri MtgApiManager.Lib.Service.ServiceBase`2::BuildUri(System.String)</Name>
              <FileRef uid="8" />
              <SequencePoints>
                <SequencePoint vc="1" uspid="167" ordinal="0" offset="0" sl="158" sc="9" el="158" ec="10" bec="0" bev="0" fileid="8" />
                <SequencePoint vc="1" uspid="168" ordinal="1" offset="1" sl="159" sc="13" el="161" ec="123" bec="0" bev="0" fileid="8" />
                <SequencePoint vc="1" uspid="169" ordinal="2" offset="88" sl="162" sc="9" el="162" ec="10" bec="0" bev="0" fileid="8" />
              </SequencePoints>
              <BranchPoints />
              <MethodPoint xsi:type="SequencePoint" vc="1" uspid="167" ordinal="0" offset="0" sl="158" sc="9" el="158" ec="10" bec="0" bev="0" fileid="8" />
            </Method>
            <Method visited="true" cyclomaticComplexity="1" nPathComplexity="0" sequenceCoverage="0" branchCoverage="0" isConstructor="false" isStatic="false" isGetter="false" isSetter="false">
              <Summary numSequencePoints="0" visitedSequencePoints="0" numBranchPoints="0" visitedBranchPoints="0" sequenceCoverage="0" branchCoverage="0" maxCyclomaticComplexity="1" minCyclomaticComplexity="1" visitedClasses="0" numClasses="0" visitedMethods="0" numMethods="0" />
              <MetadataToken>100663323</MetadataToken>
              <Name>System.Threading.Tasks.Task`1&lt;T&gt; MtgApiManager.Lib.Service.ServiceBase`2::CallWebServiceGet(System.Uri)</Name>
              <SequencePoints />
              <BranchPoints />
              <MethodPoint vc="1" uspid="170" ordinal="0" offset="0" />
            </Method>
            <Method visited="false" cyclomaticComplexity="7" nPathComplexity="64" sequenceCoverage="0" branchCoverage="0" isConstructor="false" isStatic="false" isGetter="false" isSetter="false">
              <Summary numSequencePoints="27" visitedSequencePoints="0" numBranchPoints="13" visitedBranchPoints="0" sequenceCoverage="0" branchCoverage="0" maxCyclomaticComplexity="7" minCyclomaticComplexity="7" visitedClasses="0" numClasses="0" visitedMethods="0" numMethods="1" />
              <MetadataToken>100663324</MetadataToken>
              <Name>System.Void MtgApiManager.Lib.Service.ServiceBase`2::ParseHeaders(System.Net.Http.Headers.HttpResponseHeaders)</Name>
              <FileRef uid="8" />
              <SequencePoints>
                <SequencePoint vc="0" uspid="171" ordinal="0" offset="0" sl="211" sc="9" el="211" ec="10" bec="0" bev="0" fileid="8" />
                <SequencePoint vc="0" uspid="172" ordinal="1" offset="1" sl="212" sc="13" el="212" ec="54" bec="0" bev="0" fileid="8" />
                <SequencePoint vc="0" uspid="173" ordinal="2" offset="3" sl="214" sc="13" el="214" ec="65" bec="2" bev="0" fileid="8" />
                <SequencePoint vc="0" uspid="174" ordinal="3" offset="20" sl="215" sc="13" el="215" ec="14" bec="0" bev="0" fileid="8" />
                <SequencePoint vc="0" uspid="175" ordinal="4" offset="21" sl="216" sc="17" el="216" ec="72" bec="0" bev="0" fileid="8" />
                <SequencePoint vc="0" uspid="176" ordinal="5" offset="33" sl="217" sc="13" el="217" ec="14" bec="0" bev="0" fileid="8" />
                <SequencePoint vc="0" uspid="177" ordinal="6" offset="34" sl="219" sc="13" el="219" ec="70" bec="2" bev="0" fileid="8" />
                <SequencePoint vc="0" uspid="178" ordinal="7" offset="51" sl="220" sc="13" el="220" ec="14" bec="0" bev="0" fileid="8" />
                <SequencePoint vc="0" uspid="179" ordinal="8" offset="52" sl="221" sc="17" el="221" ec="75" bec="0" bev="0" fileid="8" />
                <SequencePoint vc="0" uspid="180" ordinal="9" offset="70" sl="222" sc="13" el="222" ec="14" bec="0" bev="0" fileid="8" />
                <SequencePoint vc="0" uspid="181" ordinal="10" offset="71" sl="224" sc="13" el="224" ec="66" bec="2" bev="0" fileid="8" />
                <SequencePoint vc="0" uspid="182" ordinal="11" offset="88" sl="225" sc="13" el="225" ec="14" bec="0" bev="0" fileid="8" />
                <SequencePoint vc="0" uspid="183" ordinal="12" offset="89" sl="226" sc="17" el="226" ec="72" bec="0" bev="0" fileid="8" />
                <SequencePoint vc="0" uspid="184" ordinal="13" offset="107" sl="227" sc="13" el="227" ec="14" bec="0" bev="0" fileid="8" />
                <SequencePoint vc="0" uspid="185" ordinal="14" offset="108" sl="229" sc="13" el="229" ec="72" bec="2" bev="0" fileid="8" />
                <SequencePoint vc="0" uspid="186" ordinal="15" offset="127" sl="230" sc="13" el="230" ec="14" bec="0" bev="0" fileid="8" />
                <SequencePoint vc="0" uspid="187" ordinal="16" offset="128" sl="231" sc="17" el="231" ec="77" bec="0" bev="0" fileid="8" />
                <SequencePoint vc="0" uspid="188" ordinal="17" offset="146" sl="232" sc="13" el="232" ec="14" bec="0" bev="0" fileid="8" />
                <SequencePoint vc="0" uspid="189" ordinal="18" offset="147" sl="234" sc="13" el="234" ec="76" bec="2" bev="0" fileid="8" />
                <SequencePoint vc="0" uspid="190" ordinal="19" offset="166" sl="235" sc="13" el="235" ec="14" bec="0" bev="0" fileid="8" />
                <SequencePoint vc="0" uspid="191" ordinal="20" offset="167" sl="236" sc="17" el="236" ec="93" bec="0" bev="0" fileid="8" />
                <SequencePoint vc="0" uspid="192" ordinal="21" offset="184" sl="237" sc="13" el="237" ec="14" bec="0" bev="0" fileid="8" />
                <SequencePoint vc="0" uspid="193" ordinal="22" offset="185" sl="239" sc="13" el="239" ec="80" bec="2" bev="0" fileid="8" />
                <SequencePoint vc="0" uspid="194" ordinal="23" offset="204" sl="240" sc="13" el="240" ec="14" bec="0" bev="0" fileid="8" />
                <SequencePoint vc="0" uspid="195" ordinal="24" offset="205" sl="241" sc="17" el="241" ec="97" bec="0" bev="0" fileid="8" />
                <SequencePoint vc="0" uspid="196" ordinal="25" offset="222" sl="242" sc="13" el="242" ec="14" bec="0" bev="0" fileid="8" />
                <SequencePoint vc="0" uspid="197" ordinal="26" offset="223" sl="243" sc="9" el="243" ec="10" bec="0" bev="0" fileid="8" />
              </SequencePoints>
              <BranchPoints>
                <BranchPoint vc="0" uspid="198" ordinal="0" offset="18" sl="214" path="0" offsetend="20" fileid="8" />
                <BranchPoint vc="0" uspid="199" ordinal="1" offset="18" sl="214" path="1" offsetend="34" fileid="8" />
                <BranchPoint vc="0" uspid="200" ordinal="2" offset="49" sl="219" path="0" offsetend="51" fileid="8" />
                <BranchPoint vc="0" uspid="201" ordinal="3" offset="49" sl="219" path="1" offsetend="71" fileid="8" />
                <BranchPoint vc="0" uspid="202" ordinal="4" offset="86" sl="224" path="0" offsetend="88" fileid="8" />
                <BranchPoint vc="0" uspid="203" ordinal="5" offset="86" sl="224" path="1" offsetend="108" fileid="8" />
                <BranchPoint vc="0" uspid="204" ordinal="6" offset="125" sl="229" path="0" offsetend="127" fileid="8" />
                <BranchPoint vc="0" uspid="205" ordinal="7" offset="125" sl="229" path="1" offsetend="147" fileid="8" />
                <BranchPoint vc="0" uspid="206" ordinal="8" offset="164" sl="234" path="0" offsetend="166" fileid="8" />
                <BranchPoint vc="0" uspid="207" ordinal="9" offset="164" sl="234" path="1" offsetend="185" fileid="8" />
                <BranchPoint vc="0" uspid="208" ordinal="10" offset="202" sl="239" path="0" offsetend="204" fileid="8" />
                <BranchPoint vc="0" uspid="209" ordinal="11" offset="202" sl="239" path="1" offsetend="223" fileid="8" />
              </BranchPoints>
              <MethodPoint xsi:type="SequencePoint" vc="0" uspid="171" ordinal="0" offset="0" sl="211" sc="9" el="211" ec="10" bec="0" bev="0" fileid="8" />
            </Method>
          </Methods>
        </Class>
        <Class>
          <Summary numSequencePoints="16" visitedSequencePoints="6" numBranchPoints="13" visitedBranchPoints="3" sequenceCoverage="37.5" branchCoverage="23.08" maxCyclomaticComplexity="13" minCyclomaticComplexity="1" visitedClasses="1" numClasses="1" visitedMethods="1" numMethods="1" />
          <FullName>MtgApiManager.Lib.Service.ServiceBase`2/&lt;CallWebServiceGet&gt;d__27`1</FullName>
          <Methods>
            <Method visited="true" cyclomaticComplexity="1" nPathComplexity="0" sequenceCoverage="0" branchCoverage="0" isConstructor="true" isStatic="false" isGetter="false" isSetter="false">
              <Summary numSequencePoints="0" visitedSequencePoints="0" numBranchPoints="0" visitedBranchPoints="0" sequenceCoverage="0" branchCoverage="0" maxCyclomaticComplexity="1" minCyclomaticComplexity="1" visitedClasses="0" numClasses="0" visitedMethods="0" numMethods="0" />
              <MetadataToken>100663580</MetadataToken>
              <Name>System.Void MtgApiManager.Lib.Service.ServiceBase`2/&lt;CallWebServiceGet&gt;d__27`1::.ctor()</Name>
              <SequencePoints />
              <BranchPoints />
              <MethodPoint vc="1" uspid="210" ordinal="0" offset="0" />
            </Method>
            <Method visited="true" cyclomaticComplexity="13" nPathComplexity="48" sequenceCoverage="37.5" branchCoverage="23.08" isConstructor="false" isStatic="false" isGetter="false" isSetter="false">
              <Summary numSequencePoints="16" visitedSequencePoints="6" numBranchPoints="13" visitedBranchPoints="3" sequenceCoverage="37.5" branchCoverage="23.08" maxCyclomaticComplexity="13" minCyclomaticComplexity="13" visitedClasses="0" numClasses="0" visitedMethods="1" numMethods="1" />
              <MetadataToken>100663581</MetadataToken>
              <Name>System.Void MtgApiManager.Lib.Service.ServiceBase`2/&lt;CallWebServiceGet&gt;d__27`1::MoveNext()</Name>
              <FileRef uid="8" />
              <SequencePoints>
                <SequencePoint vc="1" uspid="211" ordinal="0" offset="25" sl="172" sc="9" el="172" ec="10" bec="0" bev="0" fileid="8" />
                <SequencePoint vc="1" uspid="212" ordinal="1" offset="26" sl="173" sc="13" el="173" ec="72" bec="0" bev="0" fileid="8" />
                <SequencePoint vc="1" uspid="213" ordinal="2" offset="173" sl="175" sc="13" el="175" ec="46" bec="2" bev="1" fileid="8" />
                <SequencePoint vc="0" uspid="214" ordinal="3" offset="193" sl="176" sc="13" el="176" ec="14" bec="0" bev="0" fileid="8" />
                <SequencePoint vc="0" uspid="215" ordinal="4" offset="194" sl="178" sc="17" el="178" ec="53" bec="0" bev="0" fileid="8" />
                <SequencePoint vc="0" uspid="216" ordinal="5" offset="217" sl="181" sc="17" el="181" ec="102" bec="0" bev="0" fileid="8" />
                <SequencePoint vc="0" uspid="217" ordinal="6" offset="368" sl="183" sc="17" el="183" ec="28" bec="0" bev="0" fileid="8" />
                <SequencePoint vc="1" uspid="218" ordinal="7" offset="380" sl="186" sc="13" el="186" ec="14" bec="0" bev="0" fileid="8" />
                <SequencePoint vc="1" uspid="219" ordinal="8" offset="381" sl="187" sc="17" el="187" ec="50" bec="8" bev="1" fileid="8" />
                <SequencePoint vc="0" uspid="220" ordinal="9" offset="451" sl="190" sc="25" el="190" ec="113" bec="0" bev="0" fileid="8" />
                <SequencePoint vc="0" uspid="221" ordinal="10" offset="472" sl="192" sc="25" el="192" ec="111" bec="0" bev="0" fileid="8" />
                <SequencePoint vc="0" uspid="222" ordinal="11" offset="493" sl="194" sc="25" el="194" ec="131" bec="0" bev="0" fileid="8" />
                <SequencePoint vc="1" uspid="223" ordinal="12" offset="514" sl="196" sc="25" el="196" ec="109" bec="0" bev="0" fileid="8" />
                <SequencePoint vc="0" uspid="224" ordinal="13" offset="535" sl="198" sc="25" el="198" ec="129" bec="0" bev="0" fileid="8" />
                <SequencePoint vc="0" uspid="225" ordinal="14" offset="556" sl="200" sc="25" el="200" ec="60" bec="0" bev="0" fileid="8" />
                <SequencePoint vc="0" uspid="226" ordinal="15" offset="568" sl="201" sc="25" el="201" ec="37" bec="0" bev="0" fileid="8" />
              </SequencePoints>
              <BranchPoints>
                <BranchPoint vc="0" uspid="234" ordinal="6" offset="188" sl="175" path="0" offsetend="193" fileid="8" />
                <BranchPoint vc="1" uspid="235" ordinal="7" offset="188" sl="175" path="1" offsetend="380" fileid="8" />
                <BranchPoint vc="0" uspid="238" ordinal="10" offset="402" sl="187" path="0" offsetchain="427" offsetend="429" fileid="8" />
                <BranchPoint vc="0" uspid="239" ordinal="11" offset="402" sl="187" path="1" offsetend="451" fileid="8" />
                <BranchPoint vc="0" uspid="240" ordinal="12" offset="402" sl="187" path="2" offsetend="556" fileid="8" />
                <BranchPoint vc="0" uspid="241" ordinal="13" offset="402" sl="187" path="3" offsetend="556" fileid="8" />
                <BranchPoint vc="0" uspid="242" ordinal="14" offset="402" sl="187" path="4" offsetend="472" fileid="8" />
                <BranchPoint vc="1" uspid="243" ordinal="15" offset="402" sl="187" path="5" offsetend="514" fileid="8" />
                <BranchPoint vc="0" uspid="244" ordinal="16" offset="436" sl="187" path="0" offsetchain="438" offsetend="440" fileid="8" />
                <BranchPoint vc="0" uspid="245" ordinal="17" offset="436" sl="187" path="1" offsetend="493" fileid="8" />
                <BranchPoint vc="0" uspid="246" ordinal="18" offset="447" sl="187" path="0" offsetchain="449" offsetend="556" fileid="8" />
                <BranchPoint vc="0" uspid="247" ordinal="19" offset="447" sl="187" path="1" offsetend="535" fileid="8" />
              </BranchPoints>
              <MethodPoint vc="2" uspid="248" ordinal="0" offset="0" />
            </Method>
            <Method visited="true" cyclomaticComplexity="1" nPathComplexity="0" sequenceCoverage="0" branchCoverage="0" isConstructor="false" isStatic="false" isGetter="false" isSetter="false">
              <Summary numSequencePoints="0" visitedSequencePoints="0" numBranchPoints="0" visitedBranchPoints="0" sequenceCoverage="0" branchCoverage="0" maxCyclomaticComplexity="1" minCyclomaticComplexity="1" visitedClasses="0" numClasses="0" visitedMethods="0" numMethods="0" />
              <MetadataToken>100663582</MetadataToken>
              <Name>System.Void MtgApiManager.Lib.Service.ServiceBase`2/&lt;CallWebServiceGet&gt;d__27`1::SetStateMachine(System.Runtime.CompilerServices.IAsyncStateMachine)</Name>
              <SequencePoints />
              <BranchPoints />
              <MethodPoint vc="1" uspid="249" ordinal="0" offset="0" />
            </Method>
          </Methods>
        </Class>
        <Class>
          <Summary numSequencePoints="128" visitedSequencePoints="0" numBranchPoints="85" visitedBranchPoints="0" sequenceCoverage="0" branchCoverage="0" maxCyclomaticComplexity="7" minCyclomaticComplexity="1" visitedClasses="0" numClasses="1" visitedMethods="0" numMethods="79" />
          <FullName>MtgApiManager.Lib.Model.Card.Card</FullName>
          <Methods>
            <Method visited="false" cyclomaticComplexity="1" nPathComplexity="0" sequenceCoverage="0" branchCoverage="0" isConstructor="false" isStatic="false" isGetter="true" isSetter="false">
              <Summary numSequencePoints="1" visitedSequencePoints="0" numBranchPoints="1" visitedBranchPoints="0" sequenceCoverage="0" branchCoverage="0" maxCyclomaticComplexity="1" minCyclomaticComplexity="1" visitedClasses="0" numClasses="0" visitedMethods="0" numMethods="1" />
              <MetadataToken>100663330</MetadataToken>
              <Name>System.String MtgApiManager.Lib.Model.Card.Card::get_Artist()</Name>
              <FileRef uid="10" />
              <SequencePoints>
                <SequencePoint vc="0" uspid="250" ordinal="0" offset="0" sl="22" sc="13" el="22" ec="17" bec="0" bev="0" fileid="10" />
              </SequencePoints>
              <BranchPoints />
              <MethodPoint xsi:type="SequencePoint" vc="0" uspid="250" ordinal="0" offset="0" sl="22" sc="13" el="22" ec="17" bec="0" bev="0" fileid="10" />
            </Method>
            <Method visited="false" cyclomaticComplexity="1" nPathComplexity="0" sequenceCoverage="0" branchCoverage="0" isConstructor="false" isStatic="false" isGetter="false" isSetter="true">
              <Summary numSequencePoints="1" visitedSequencePoints="0" numBranchPoints="1" visitedBranchPoints="0" sequenceCoverage="0" branchCoverage="0" maxCyclomaticComplexity="1" minCyclomaticComplexity="1" visitedClasses="0" numClasses="0" visitedMethods="0" numMethods="1" />
              <MetadataToken>100663331</MetadataToken>
              <Name>System.Void MtgApiManager.Lib.Model.Card.Card::set_Artist(System.String)</Name>
              <FileRef uid="10" />
              <SequencePoints>
                <SequencePoint vc="0" uspid="251" ordinal="0" offset="0" sl="23" sc="13" el="23" ec="25" bec="0" bev="0" fileid="10" />
              </SequencePoints>
              <BranchPoints />
              <MethodPoint xsi:type="SequencePoint" vc="0" uspid="251" ordinal="0" offset="0" sl="23" sc="13" el="23" ec="25" bec="0" bev="0" fileid="10" />
            </Method>
            <Method visited="false" cyclomaticComplexity="1" nPathComplexity="0" sequenceCoverage="0" branchCoverage="0" isConstructor="false" isStatic="false" isGetter="true" isSetter="false">
              <Summary numSequencePoints="1" visitedSequencePoints="0" numBranchPoints="1" visitedBranchPoints="0" sequenceCoverage="0" branchCoverage="0" maxCyclomaticComplexity="1" minCyclomaticComplexity="1" visitedClasses="0" numClasses="0" visitedMethods="0" numMethods="1" />
              <MetadataToken>100663332</MetadataToken>
              <Name>System.String MtgApiManager.Lib.Model.Card.Card::get_Border()</Name>
              <FileRef uid="10" />
              <SequencePoints>
                <SequencePoint vc="0" uspid="252" ordinal="0" offset="0" sl="31" sc="13" el="31" ec="17" bec="0" bev="0" fileid="10" />
              </SequencePoints>
              <BranchPoints />
              <MethodPoint xsi:type="SequencePoint" vc="0" uspid="252" ordinal="0" offset="0" sl="31" sc="13" el="31" ec="17" bec="0" bev="0" fileid="10" />
            </Method>
            <Method visited="false" cyclomaticComplexity="1" nPathComplexity="0" sequenceCoverage="0" branchCoverage="0" isConstructor="false" isStatic="false" isGetter="false" isSetter="true">
              <Summary numSequencePoints="1" visitedSequencePoints="0" numBranchPoints="1" visitedBranchPoints="0" sequenceCoverage="0" branchCoverage="0" maxCyclomaticComplexity="1" minCyclomaticComplexity="1" visitedClasses="0" numClasses="0" visitedMethods="0" numMethods="1" />
              <MetadataToken>100663333</MetadataToken>
              <Name>System.Void MtgApiManager.Lib.Model.Card.Card::set_Border(System.String)</Name>
              <FileRef uid="10" />
              <SequencePoints>
                <SequencePoint vc="0" uspid="253" ordinal="0" offset="0" sl="32" sc="13" el="32" ec="25" bec="0" bev="0" fileid="10" />
              </SequencePoints>
              <BranchPoints />
              <MethodPoint xsi:type="SequencePoint" vc="0" uspid="253" ordinal="0" offset="0" sl="32" sc="13" el="32" ec="25" bec="0" bev="0" fileid="10" />
            </Method>
            <Method visited="false" cyclomaticComplexity="1" nPathComplexity="0" sequenceCoverage="0" branchCoverage="0" isConstructor="false" isStatic="false" isGetter="true" isSetter="false">
              <Summary numSequencePoints="1" visitedSequencePoints="0" numBranchPoints="1" visitedBranchPoints="0" sequenceCoverage="0" branchCoverage="0" maxCyclomaticComplexity="1" minCyclomaticComplexity="1" visitedClasses="0" numClasses="0" visitedMethods="0" numMethods="1" />
              <MetadataToken>100663334</MetadataToken>
              <Name>System.Nullable`1&lt;System.Int32&gt; MtgApiManager.Lib.Model.Card.Card::get_Cmc()</Name>
              <FileRef uid="10" />
              <SequencePoints>
                <SequencePoint vc="0" uspid="254" ordinal="0" offset="0" sl="40" sc="13" el="40" ec="17" bec="0" bev="0" fileid="10" />
              </SequencePoints>
              <BranchPoints />
              <MethodPoint xsi:type="SequencePoint" vc="0" uspid="254" ordinal="0" offset="0" sl="40" sc="13" el="40" ec="17" bec="0" bev="0" fileid="10" />
            </Method>
            <Method visited="false" cyclomaticComplexity="1" nPathComplexity="0" sequenceCoverage="0" branchCoverage="0" isConstructor="false" isStatic="false" isGetter="false" isSetter="true">
              <Summary numSequencePoints="1" visitedSequencePoints="0" numBranchPoints="1" visitedBranchPoints="0" sequenceCoverage="0" branchCoverage="0" maxCyclomaticComplexity="1" minCyclomaticComplexity="1" visitedClasses="0" numClasses="0" visitedMethods="0" numMethods="1" />
              <MetadataToken>100663335</MetadataToken>
[...]
                <BranchPoint vc="5" uspid="635" ordinal="3" offset="32" sl="72" path="1" offsetend="43" fileid="25" />
              </BranchPoints>
              <MethodPoint xsi:type="SequencePoint" vc="10" uspid="622" ordinal="0" offset="0" sl="66" sc="9" el="66" ec="10" bec="0" bev="0" fileid="25" />
            </Method>
            <Method visited="true" cyclomaticComplexity="3" nPathComplexity="4" sequenceCoverage="80" branchCoverage="80" isConstructor="false" isStatic="false" isGetter="false" isSetter="false">
              <Summary numSequencePoints="10" visitedSequencePoints="8" numBranchPoints="5" visitedBranchPoints="4" sequenceCoverage="80" branchCoverage="80" maxCyclomaticComplexity="3" minCyclomaticComplexity="3" visitedClasses="0" numClasses="0" visitedMethods="1" numMethods="1" />
              <MetadataToken>100663559</MetadataToken>
              <Name>MtgApiManager.Lib.Core.Option`1&lt;T&gt; MtgApiManager.Lib.Core.Option`1::IfSome(System.Action`1&lt;T&gt;)</Name>
              <FileRef uid="25" />
              <SequencePoints>
                <SequencePoint vc="10" uspid="636" ordinal="0" offset="0" sl="87" sc="9" el="87" ec="10" bec="0" bev="0" fileid="25" />
                <SequencePoint vc="10" uspid="637" ordinal="1" offset="1" sl="88" sc="13" el="88" ec="32" bec="2" bev="1" fileid="25" />
                <SequencePoint vc="0" uspid="638" ordinal="2" offset="9" sl="89" sc="13" el="89" ec="14" bec="0" bev="0" fileid="25" />
                <SequencePoint vc="0" uspid="639" ordinal="3" offset="10" sl="90" sc="17" el="90" ec="59" bec="0" bev="0" fileid="25" />
                <SequencePoint vc="10" uspid="640" ordinal="4" offset="21" sl="93" sc="13" el="93" ec="31" bec="2" bev="2" fileid="25" />
                <SequencePoint vc="5" uspid="641" ordinal="5" offset="31" sl="94" sc="13" el="94" ec="14" bec="0" bev="0" fileid="25" />
                <SequencePoint vc="5" uspid="642" ordinal="6" offset="32" sl="95" sc="17" el="95" ec="36" bec="0" bev="0" fileid="25" />
                <SequencePoint vc="5" uspid="643" ordinal="7" offset="45" sl="96" sc="13" el="96" ec="14" bec="0" bev="0" fileid="25" />
                <SequencePoint vc="10" uspid="644" ordinal="8" offset="46" sl="98" sc="13" el="98" ec="25" bec="0" bev="0" fileid="25" />
                <SequencePoint vc="10" uspid="645" ordinal="9" offset="55" sl="99" sc="9" el="99" ec="10" bec="0" bev="0" fileid="25" />
              </SequencePoints>
              <BranchPoints>
                <BranchPoint vc="0" uspid="646" ordinal="0" offset="7" sl="88" path="0" offsetend="9" fileid="25" />
                <BranchPoint vc="10" uspid="647" ordinal="1" offset="7" sl="88" path="1" offsetend="21" fileid="25" />
                <BranchPoint vc="5" uspid="648" ordinal="2" offset="29" sl="93" path="0" offsetend="31" fileid="25" />
                <BranchPoint vc="5" uspid="649" ordinal="3" offset="29" sl="93" path="1" offsetend="46" fileid="25" />
              </BranchPoints>
              <MethodPoint xsi:type="SequencePoint" vc="10" uspid="636" ordinal="0" offset="0" sl="87" sc="9" el="87" ec="10" bec="0" bev="0" fileid="25" />
            </Method>
            <Method visited="true" cyclomaticComplexity="3" nPathComplexity="4" sequenceCoverage="80" branchCoverage="80" isConstructor="false" isStatic="false" isGetter="false" isSetter="false">
              <Summary numSequencePoints="10" visitedSequencePoints="8" numBranchPoints="5" visitedBranchPoints="4" sequenceCoverage="80" branchCoverage="80" maxCyclomaticComplexity="3" minCyclomaticComplexity="3" visitedClasses="0" numClasses="0" visitedMethods="1" numMethods="1" />
              <MetadataToken>100663560</MetadataToken>
              <Name>MtgApiManager.Lib.Core.Option`1&lt;TNewValue&gt; MtgApiManager.Lib.Core.Option`1::Map(System.Func`2&lt;T,TNewValue&gt;)</Name>
              <FileRef uid="25" />
              <SequencePoints>
                <SequencePoint vc="2" uspid="650" ordinal="0" offset="0" sl="108" sc="9" el="108" ec="10" bec="0" bev="0" fileid="25" />
                <SequencePoint vc="2" uspid="651" ordinal="1" offset="1" sl="109" sc="13" el="109" ec="34" bec="2" bev="1" fileid="25" />
                <SequencePoint vc="0" uspid="652" ordinal="2" offset="9" sl="110" sc="13" el="110" ec="14" bec="0" bev="0" fileid="25" />
                <SequencePoint vc="0" uspid="653" ordinal="3" offset="10" sl="111" sc="17" el="111" ec="61" bec="0" bev="0" fileid="25" />
                <SequencePoint vc="2" uspid="654" ordinal="4" offset="21" sl="114" sc="13" el="114" ec="31" bec="2" bev="2" fileid="25" />
                <SequencePoint vc="1" uspid="655" ordinal="5" offset="31" sl="115" sc="13" el="115" ec="14" bec="0" bev="0" fileid="25" />
                <SequencePoint vc="1" uspid="656" ordinal="6" offset="32" sl="116" sc="17" el="116" ec="69" bec="0" bev="0" fileid="25" />
                <SequencePoint vc="1" uspid="657" ordinal="7" offset="52" sl="119" sc="13" el="119" ec="14" bec="0" bev="0" fileid="25" />
                <SequencePoint vc="1" uspid="658" ordinal="8" offset="53" sl="120" sc="17" el="120" ec="49" bec="0" bev="0" fileid="25" />
                <SequencePoint vc="2" uspid="659" ordinal="9" offset="61" sl="122" sc="9" el="122" ec="10" bec="0" bev="0" fileid="25" />
              </SequencePoints>
              <BranchPoints>
                <BranchPoint vc="0" uspid="660" ordinal="0" offset="7" sl="109" path="0" offsetend="9" fileid="25" />
                <BranchPoint vc="2" uspid="661" ordinal="1" offset="7" sl="109" path="1" offsetend="21" fileid="25" />
                <BranchPoint vc="1" uspid="662" ordinal="2" offset="29" sl="114" path="0" offsetend="31" fileid="25" />
                <BranchPoint vc="1" uspid="663" ordinal="3" offset="29" sl="114" path="1" offsetend="52" fileid="25" />
              </BranchPoints>
              <MethodPoint xsi:type="SequencePoint" vc="2" uspid="650" ordinal="0" offset="0" sl="108" sc="9" el="108" ec="10" bec="0" bev="0" fileid="25" />
            </Method>
            <Method visited="true" cyclomaticComplexity="3" nPathComplexity="4" sequenceCoverage="80" branchCoverage="80" isConstructor="false" isStatic="false" isGetter="false" isSetter="false">
              <Summary numSequencePoints="10" visitedSequencePoints="8" numBranchPoints="5" visitedBranchPoints="4" sequenceCoverage="80" branchCoverage="80" maxCyclomaticComplexity="3" minCyclomaticComplexity="3" visitedClasses="0" numClasses="0" visitedMethods="1" numMethods="1" />
              <MetadataToken>100663561</MetadataToken>
              <Name>MtgApiManager.Lib.Core.Option`1&lt;TNewValue&gt; MtgApiManager.Lib.Core.Option`1::Then(System.Func`2&lt;T,MtgApiManager.Lib.Core.Option`1&lt;TNewValue&gt;&gt;)</Name>
              <FileRef uid="25" />
              <SequencePoints>
                <SequencePoint vc="2" uspid="664" ordinal="0" offset="0" sl="131" sc="9" el="131" ec="10" bec="0" bev="0" fileid="25" />
                <SequencePoint vc="2" uspid="665" ordinal="1" offset="1" sl="132" sc="13" el="132" ec="34" bec="2" bev="1" fileid="25" />
                <SequencePoint vc="0" uspid="666" ordinal="2" offset="9" sl="133" sc="13" el="133" ec="14" bec="0" bev="0" fileid="25" />
                <SequencePoint vc="0" uspid="667" ordinal="3" offset="10" sl="134" sc="17" el="134" ec="61" bec="0" bev="0" fileid="25" />
                <SequencePoint vc="2" uspid="668" ordinal="4" offset="21" sl="137" sc="13" el="137" ec="31" bec="2" bev="2" fileid="25" />
                <SequencePoint vc="1" uspid="669" ordinal="5" offset="31" sl="138" sc="13" el="138" ec="14" bec="0" bev="0" fileid="25" />
                <SequencePoint vc="1" uspid="670" ordinal="6" offset="32" sl="139" sc="17" el="139" ec="45" bec="0" bev="0" fileid="25" />
                <SequencePoint vc="1" uspid="671" ordinal="7" offset="47" sl="142" sc="13" el="142" ec="14" bec="0" bev="0" fileid="25" />
                <SequencePoint vc="1" uspid="672" ordinal="8" offset="48" sl="143" sc="17" el="143" ec="49" bec="0" bev="0" fileid="25" />
                <SequencePoint vc="2" uspid="673" ordinal="9" offset="56" sl="145" sc="9" el="145" ec="10" bec="0" bev="0" fileid="25" />
              </SequencePoints>
              <BranchPoints>
                <BranchPoint vc="0" uspid="674" ordinal="0" offset="7" sl="132" path="0" offsetend="9" fileid="25" />
                <BranchPoint vc="2" uspid="675" ordinal="1" offset="7" sl="132" path="1" offsetend="21" fileid="25" />
                <BranchPoint vc="1" uspid="676" ordinal="2" offset="29" sl="137" path="0" offsetend="31" fileid="25" />
                <BranchPoint vc="1" uspid="677" ordinal="3" offset="29" sl="137" path="1" offsetend="47" fileid="25" />
              </BranchPoints>
              <MethodPoint xsi:type="SequencePoint" vc="2" uspid="664" ordinal="0" offset="0" sl="131" sc="9" el="131" ec="10" bec="0" bev="0" fileid="25" />
            </Method>
          </Methods>
        </Class>
        <Class>
          <Summary numSequencePoints="3" visitedSequencePoints="0" numBranchPoints="1" visitedBranchPoints="0" sequenceCoverage="0" branchCoverage="0" maxCyclomaticComplexity="1" minCyclomaticComplexity="1" visitedClasses="0" numClasses="1" visitedMethods="0" numMethods="1" />
          <FullName>MtgApiManager.Lib.Core.Exceptions.BadRequestException</FullName>
          <Methods>
            <Method visited="false" cyclomaticComplexity="1" nPathComplexity="0" sequenceCoverage="0" branchCoverage="0" isConstructor="true" isStatic="false" isGetter="false" isSetter="false">
              <Summary numSequencePoints="3" visitedSequencePoints="0" numBranchPoints="1" visitedBranchPoints="0" sequenceCoverage="0" branchCoverage="0" maxCyclomaticComplexity="1" minCyclomaticComplexity="1" visitedClasses="0" numClasses="0" visitedMethods="0" numMethods="1" />
              <MetadataToken>100663562</MetadataToken>
              <Name>System.Void MtgApiManager.Lib.Core.Exceptions.BadRequestException::.ctor(System.String)</Name>
              <FileRef uid="26" />
              <SequencePoints>
                <SequencePoint vc="0" uspid="678" ordinal="0" offset="0" sl="20" sc="15" el="20" ec="28" bec="0" bev="0" fileid="26" />
                <SequencePoint vc="0" uspid="679" ordinal="1" offset="8" sl="21" sc="9" el="21" ec="10" bec="0" bev="0" fileid="26" />
                <SequencePoint vc="0" uspid="680" ordinal="2" offset="9" sl="22" sc="9" el="22" ec="10" bec="0" bev="0" fileid="26" />
              </SequencePoints>
              <BranchPoints />
              <MethodPoint xsi:type="SequencePoint" vc="0" uspid="678" ordinal="0" offset="0" sl="20" sc="15" el="20" ec="28" bec="0" bev="0" fileid="26" />
            </Method>
          </Methods>
        </Class>
        <Class>
          <Summary numSequencePoints="3" visitedSequencePoints="0" numBranchPoints="1" visitedBranchPoints="0" sequenceCoverage="0" branchCoverage="0" maxCyclomaticComplexity="1" minCyclomaticComplexity="1" visitedClasses="0" numClasses="1" visitedMethods="0" numMethods="1" />
          <FullName>MtgApiManager.Lib.Core.Exceptions.ForbiddenException</FullName>
          <Methods>
            <Method visited="false" cyclomaticComplexity="1" nPathComplexity="0" sequenceCoverage="0" branchCoverage="0" isConstructor="true" isStatic="false" isGetter="false" isSetter="false">
              <Summary numSequencePoints="3" visitedSequencePoints="0" numBranchPoints="1" visitedBranchPoints="0" sequenceCoverage="0" branchCoverage="0" maxCyclomaticComplexity="1" minCyclomaticComplexity="1" visitedClasses="0" numClasses="0" visitedMethods="0" numMethods="1" />
              <MetadataToken>100663563</MetadataToken>
              <Name>System.Void MtgApiManager.Lib.Core.Exceptions.ForbiddenException::.ctor(System.String)</Name>
              <FileRef uid="27" />
              <SequencePoints>
                <SequencePoint vc="0" uspid="681" ordinal="0" offset="0" sl="20" sc="15" el="20" ec="28" bec="0" bev="0" fileid="27" />
                <SequencePoint vc="0" uspid="682" ordinal="1" offset="8" sl="21" sc="9" el="21" ec="10" bec="0" bev="0" fileid="27" />
                <SequencePoint vc="0" uspid="683" ordinal="2" offset="9" sl="22" sc="9" el="22" ec="10" bec="0" bev="0" fileid="27" />
              </SequencePoints>
              <BranchPoints />
              <MethodPoint xsi:type="SequencePoint" vc="0" uspid="681" ordinal="0" offset="0" sl="20" sc="15" el="20" ec="28" bec="0" bev="0" fileid="27" />
            </Method>
          </Methods>
        </Class>
        <Class>
          <Summary numSequencePoints="3" visitedSequencePoints="0" numBranchPoints="1" visitedBranchPoints="0" sequenceCoverage="0" branchCoverage="0" maxCyclomaticComplexity="1" minCyclomaticComplexity="1" visitedClasses="0" numClasses="1" visitedMethods="0" numMethods="1" />
          <FullName>MtgApiManager.Lib.Core.Exceptions.InternalServerErrorException</FullName>
          <Methods>
            <Method visited="false" cyclomaticComplexity="1" nPathComplexity="0" sequenceCoverage="0" branchCoverage="0" isConstructor="true" isStatic="false" isGetter="false" isSetter="false">
              <Summary numSequencePoints="3" visitedSequencePoints="0" numBranchPoints="1" visitedBranchPoints="0" sequenceCoverage="0" branchCoverage="0" maxCyclomaticComplexity="1" minCyclomaticComplexity="1" visitedClasses="0" numClasses="0" visitedMethods="0" numMethods="1" />
              <MetadataToken>100663564</MetadataToken>
              <Name>System.Void MtgApiManager.Lib.Core.Exceptions.InternalServerErrorException::.ctor(System.String)</Name>
              <FileRef uid="28" />
              <SequencePoints>
                <SequencePoint vc="0" uspid="684" ordinal="0" offset="0" sl="20" sc="15" el="20" ec="28" bec="0" bev="0" fileid="28" />
                <SequencePoint vc="0" uspid="685" ordinal="1" offset="8" sl="21" sc="9" el="21" ec="10" bec="0" bev="0" fileid="28" />
                <SequencePoint vc="0" uspid="686" ordinal="2" offset="9" sl="22" sc="9" el="22" ec="10" bec="0" bev="0" fileid="28" />
              </SequencePoints>
              <BranchPoints />
              <MethodPoint xsi:type="SequencePoint" vc="0" uspid="684" ordinal="0" offset="0" sl="20" sc="15" el="20" ec="28" bec="0" bev="0" fileid="28" />
            </Method>
          </Methods>
        </Class>
        <Class>
          <Summary numSequencePoints="3" visitedSequencePoints="0" numBranchPoints="1" visitedBranchPoints="0" sequenceCoverage="0" branchCoverage="0" maxCyclomaticComplexity="1" minCyclomaticComplexity="1" visitedClasses="0" numClasses="1" visitedMethods="0" numMethods="1" />
          <FullName>MtgApiManager.Lib.Core.Exceptions.MtgExceptionBase</FullName>
          <Methods>
            <Method visited="false" cyclomaticComplexity="1" nPathComplexity="0" sequenceCoverage="0" branchCoverage="0" isConstructor="true" isStatic="false" isGetter="false" isSetter="false">
              <Summary numSequencePoints="3" visitedSequencePoints="0" numBranchPoints="1" visitedBranchPoints="0" sequenceCoverage="0" branchCoverage="0" maxCyclomaticComplexity="1" minCyclomaticComplexity="1" visitedClasses="0" numClasses="0" visitedMethods="0" numMethods="1" />
              <MetadataToken>100663565</MetadataToken>
              <Name>System.Void MtgApiManager.Lib.Core.Exceptions.MtgExceptionBase::.ctor(System.String)</Name>
              <FileRef uid="29" />
              <SequencePoints>
                <SequencePoint vc="0" uspid="687" ordinal="0" offset="0" sl="22" sc="15" el="22" ec="116" bec="0" bev="0" fileid="29" />
                <SequencePoint vc="0" uspid="688" ordinal="1" offset="40" sl="23" sc="9" el="23" ec="10" bec="0" bev="0" fileid="29" />
                <SequencePoint vc="0" uspid="689" ordinal="2" offset="41" sl="24" sc="9" el="24" ec="10" bec="0" bev="0" fileid="29" />
              </SequencePoints>
              <BranchPoints />
              <MethodPoint xsi:type="SequencePoint" vc="0" uspid="687" ordinal="0" offset="0" sl="22" sc="15" el="22" ec="116" bec="0" bev="0" fileid="29" />
            </Method>
          </Methods>
        </Class>
        <Class>
          <Summary numSequencePoints="3" visitedSequencePoints="0" numBranchPoints="1" visitedBranchPoints="0" sequenceCoverage="0" branchCoverage="0" maxCyclomaticComplexity="1" minCyclomaticComplexity="1" visitedClasses="0" numClasses="1" visitedMethods="0" numMethods="1" />
          <FullName>MtgApiManager.Lib.Core.Exceptions.NotFoundException</FullName>
          <Methods>
            <Method visited="false" cyclomaticComplexity="1" nPathComplexity="0" sequenceCoverage="0" branchCoverage="0" isConstructor="true" isStatic="false" isGetter="false" isSetter="false">
              <Summary numSequencePoints="3" visitedSequencePoints="0" numBranchPoints="1" visitedBranchPoints="0" sequenceCoverage="0" branchCoverage="0" maxCyclomaticComplexity="1" minCyclomaticComplexity="1" visitedClasses="0" numClasses="0" visitedMethods="0" numMethods="1" />
              <MetadataToken>100663566</MetadataToken>
              <Name>System.Void MtgApiManager.Lib.Core.Exceptions.NotFoundException::.ctor(System.String)</Name>
              <FileRef uid="30" />
              <SequencePoints>
                <SequencePoint vc="0" uspid="690" ordinal="0" offset="0" sl="20" sc="15" el="20" ec="28" bec="0" bev="0" fileid="30" />
                <SequencePoint vc="0" uspid="691" ordinal="1" offset="8" sl="21" sc="9" el="21" ec="10" bec="0" bev="0" fileid="30" />
                <SequencePoint vc="0" uspid="692" ordinal="2" offset="9" sl="22" sc="9" el="22" ec="10" bec="0" bev="0" fileid="30" />
              </SequencePoints>
              <BranchPoints />
              <MethodPoint xsi:type="SequencePoint" vc="0" uspid="690" ordinal="0" offset="0" sl="20" sc="15" el="20" ec="28" bec="0" bev="0" fileid="30" />
            </Method>
          </Methods>
        </Class>
        <Class>
          <Summary numSequencePoints="3" visitedSequencePoints="0" numBranchPoints="1" visitedBranchPoints="0" sequenceCoverage="0" branchCoverage="0" maxCyclomaticComplexity="1" minCyclomaticComplexity="1" visitedClasses="0" numClasses="1" visitedMethods="0" numMethods="1" />
          <FullName>MtgApiManager.Lib.Core.Exceptions.ServiceUnavailableException</FullName>
          <Methods>
            <Method visited="false" cyclomaticComplexity="1" nPathComplexity="0" sequenceCoverage="0" branchCoverage="0" isConstructor="true" isStatic="false" isGetter="false" isSetter="false">
              <Summary numSequencePoints="3" visitedSequencePoints="0" numBranchPoints="1" visitedBranchPoints="0" sequenceCoverage="0" branchCoverage="0" maxCyclomaticComplexity="1" minCyclomaticComplexity="1" visitedClasses="0" numClasses="0" visitedMethods="0" numMethods="1" />
              <MetadataToken>100663567</MetadataToken>
              <Name>System.Void MtgApiManager.Lib.Core.Exceptions.ServiceUnavailableException::.ctor(System.String)</Name>
              <FileRef uid="31" />
              <SequencePoints>
                <SequencePoint vc="0" uspid="693" ordinal="0" offset="0" sl="20" sc="15" el="20" ec="28" bec="0" bev="0" fileid="31" />
                <SequencePoint vc="0" uspid="694" ordinal="1" offset="8" sl="21" sc="9" el="21" ec="10" bec="0" bev="0" fileid="31" />
                <SequencePoint vc="0" uspid="695" ordinal="2" offset="9" sl="22" sc="9" el="22" ec="10" bec="0" bev="0" fileid="31" />
              </SequencePoints>
              <BranchPoints />
              <MethodPoint xsi:type="SequencePoint" vc="0" uspid="693" ordinal="0" offset="0" sl="20" sc="15" el="20" ec="28" bec="0" bev="0" fileid="31" />
            </Method>
          </Methods>
        </Class>
      </Classes>
    </Module>
  </Modules>
</CoverageSession>